ARM GAS  /tmp/ccYRQHvb.s 			page 1


   1              		.syntax unified
   2              		.cpu cortex-m4
   3              		.eabi_attribute 27, 1
   4              		.eabi_attribute 28, 1
   5              		.fpu fpv4-sp-d16
   6              		.eabi_attribute 20, 1
   7              		.eabi_attribute 21, 1
   8              		.eabi_attribute 23, 3
   9              		.eabi_attribute 24, 1
  10              		.eabi_attribute 25, 1
  11              		.eabi_attribute 26, 1
  12              		.eabi_attribute 30, 1
  13              		.eabi_attribute 34, 1
  14              		.eabi_attribute 18, 4
  15              		.thumb
  16              		.file	"gpio.c"
  17              		.text
  18              	.Ltext0:
  19              		.cfi_sections	.debug_frame
  20              		.section	.text.MX_GPIO_Init,"ax",%progbits
  21              		.align	2
  22              		.global	MX_GPIO_Init
  23              		.thumb
  24              		.thumb_func
  26              	MX_GPIO_Init:
  27              	.LFB123:
  28              		.file 1 "Src/gpio.c"
   1:Src/gpio.c    **** /**
   2:Src/gpio.c    ****   ******************************************************************************
   3:Src/gpio.c    ****   * File Name          : gpio.c
   4:Src/gpio.c    ****   * Description        : This file provides code for the configuration
   5:Src/gpio.c    ****   *                      of all used GPIO pins.
   6:Src/gpio.c    ****   ******************************************************************************
   7:Src/gpio.c    ****   * This notice applies to any and all portions of this file
   8:Src/gpio.c    ****   * that are not between comment pairs USER CODE BEGIN and
   9:Src/gpio.c    ****   * USER CODE END. Other portions of this file, whether 
  10:Src/gpio.c    ****   * inserted by the user or by software development tools
  11:Src/gpio.c    ****   * are owned by their respective copyright owners.
  12:Src/gpio.c    ****   *
  13:Src/gpio.c    ****   * Copyright (c) 2019 STMicroelectronics International N.V. 
  14:Src/gpio.c    ****   * All rights reserved.
  15:Src/gpio.c    ****   *
  16:Src/gpio.c    ****   * Redistribution and use in source and binary forms, with or without 
  17:Src/gpio.c    ****   * modification, are permitted, provided that the following conditions are met:
  18:Src/gpio.c    ****   *
  19:Src/gpio.c    ****   * 1. Redistribution of source code must retain the above copyright notice, 
  20:Src/gpio.c    ****   *    this list of conditions and the following disclaimer.
  21:Src/gpio.c    ****   * 2. Redistributions in binary form must reproduce the above copyright notice,
  22:Src/gpio.c    ****   *    this list of conditions and the following disclaimer in the documentation
  23:Src/gpio.c    ****   *    and/or other materials provided with the distribution.
  24:Src/gpio.c    ****   * 3. Neither the name of STMicroelectronics nor the names of other 
  25:Src/gpio.c    ****   *    contributors to this software may be used to endorse or promote products 
  26:Src/gpio.c    ****   *    derived from this software without specific written permission.
  27:Src/gpio.c    ****   * 4. This software, including modifications and/or derivative works of this 
  28:Src/gpio.c    ****   *    software, must execute solely and exclusively on microcontroller or
  29:Src/gpio.c    ****   *    microprocessor devices manufactured by or for STMicroelectronics.
  30:Src/gpio.c    ****   * 5. Redistribution and use of this software other than as permitted under 
ARM GAS  /tmp/ccYRQHvb.s 			page 2


  31:Src/gpio.c    ****   *    this license is void and will automatically terminate your rights under 
  32:Src/gpio.c    ****   *    this license. 
  33:Src/gpio.c    ****   *
  34:Src/gpio.c    ****   * THIS SOFTWARE IS PROVIDED BY STMICROELECTRONICS AND CONTRIBUTORS "AS IS" 
  35:Src/gpio.c    ****   * AND ANY EXPRESS, IMPLIED OR STATUTORY WARRANTIES, INCLUDING, BUT NOT 
  36:Src/gpio.c    ****   * LIMITED TO, THE IMPLIED WARRANTIES OF MERCHANTABILITY, FITNESS FOR A 
  37:Src/gpio.c    ****   * PARTICULAR PURPOSE AND NON-INFRINGEMENT OF THIRD PARTY INTELLECTUAL PROPERTY
  38:Src/gpio.c    ****   * RIGHTS ARE DISCLAIMED TO THE FULLEST EXTENT PERMITTED BY LAW. IN NO EVENT 
  39:Src/gpio.c    ****   * SHALL STMICROELECTRONICS OR CONTRIBUTORS BE LIABLE FOR ANY DIRECT, INDIRECT,
  40:Src/gpio.c    ****   * INCIDENTAL, SPECIAL, EXEMPLARY, OR CONSEQUENTIAL DAMAGES (INCLUDING, BUT NOT
  41:Src/gpio.c    ****   * LIMITED TO, PROCUREMENT OF SUBSTITUTE GOODS OR SERVICES; LOSS OF USE, DATA, 
  42:Src/gpio.c    ****   * OR PROFITS; OR BUSINESS INTERRUPTION) HOWEVER CAUSED AND ON ANY THEORY OF 
  43:Src/gpio.c    ****   * LIABILITY, WHETHER IN CONTRACT, STRICT LIABILITY, OR TORT (INCLUDING 
  44:Src/gpio.c    ****   * NEGLIGENCE OR OTHERWISE) ARISING IN ANY WAY OUT OF THE USE OF THIS SOFTWARE,
  45:Src/gpio.c    ****   * EVEN IF ADVISED OF THE POSSIBILITY OF SUCH DAMAGE.
  46:Src/gpio.c    ****   *
  47:Src/gpio.c    ****   ******************************************************************************
  48:Src/gpio.c    ****   */
  49:Src/gpio.c    **** 
  50:Src/gpio.c    **** /* Includes ------------------------------------------------------------------*/
  51:Src/gpio.c    **** #include "gpio.h"
  52:Src/gpio.c    **** /* USER CODE BEGIN 0 */
  53:Src/gpio.c    **** 
  54:Src/gpio.c    **** /* USER CODE END 0 */
  55:Src/gpio.c    **** 
  56:Src/gpio.c    **** /*----------------------------------------------------------------------------*/
  57:Src/gpio.c    **** /* Configure GPIO                                                             */
  58:Src/gpio.c    **** /*----------------------------------------------------------------------------*/
  59:Src/gpio.c    **** /* USER CODE BEGIN 1 */
  60:Src/gpio.c    **** 
  61:Src/gpio.c    **** /* USER CODE END 1 */
  62:Src/gpio.c    **** 
  63:Src/gpio.c    **** /** Configure pins as 
  64:Src/gpio.c    ****         * Analog 
  65:Src/gpio.c    ****         * Input 
  66:Src/gpio.c    ****         * Output
  67:Src/gpio.c    ****         * EVENT_OUT
  68:Src/gpio.c    ****         * EXTI
  69:Src/gpio.c    **** */
  70:Src/gpio.c    **** void MX_GPIO_Init(void)
  71:Src/gpio.c    **** {
  29              		.loc 1 71 0
  30              		.cfi_startproc
  31              		@ args = 0, pretend = 0, frame = 16
  32              		@ frame_needed = 0, uses_anonymous_args = 0
  33              		@ link register save eliminated.
  34 0000 84B0     		sub	sp, sp, #16
  35              	.LCFI0:
  36              		.cfi_def_cfa_offset 16
  37              	.LBB2:
  72:Src/gpio.c    **** 
  73:Src/gpio.c    ****   /* GPIO Ports Clock Enable */
  74:Src/gpio.c    ****   __HAL_RCC_GPIOH_CLK_ENABLE();
  38              		.loc 1 74 0
  39 0002 0022     		movs	r2, #0
  40 0004 0192     		str	r2, [sp, #4]
  41 0006 104B     		ldr	r3, .L3
ARM GAS  /tmp/ccYRQHvb.s 			page 3


  42 0008 196B     		ldr	r1, [r3, #48]
  43 000a 41F08001 		orr	r1, r1, #128
  44 000e 1963     		str	r1, [r3, #48]
  45 0010 196B     		ldr	r1, [r3, #48]
  46 0012 01F08001 		and	r1, r1, #128
  47 0016 0191     		str	r1, [sp, #4]
  48 0018 0199     		ldr	r1, [sp, #4]
  49              	.LBE2:
  50              	.LBB3:
  75:Src/gpio.c    ****   __HAL_RCC_GPIOA_CLK_ENABLE();
  51              		.loc 1 75 0
  52 001a 0292     		str	r2, [sp, #8]
  53 001c 196B     		ldr	r1, [r3, #48]
  54 001e 41F00101 		orr	r1, r1, #1
  55 0022 1963     		str	r1, [r3, #48]
  56 0024 196B     		ldr	r1, [r3, #48]
  57 0026 01F00101 		and	r1, r1, #1
  58 002a 0291     		str	r1, [sp, #8]
  59 002c 0299     		ldr	r1, [sp, #8]
  60              	.LBE3:
  61              	.LBB4:
  76:Src/gpio.c    ****   __HAL_RCC_GPIOB_CLK_ENABLE();
  62              		.loc 1 76 0
  63 002e 0392     		str	r2, [sp, #12]
  64 0030 1A6B     		ldr	r2, [r3, #48]
  65 0032 42F00202 		orr	r2, r2, #2
  66 0036 1A63     		str	r2, [r3, #48]
  67 0038 1B6B     		ldr	r3, [r3, #48]
  68 003a 03F00203 		and	r3, r3, #2
  69 003e 0393     		str	r3, [sp, #12]
  70 0040 039B     		ldr	r3, [sp, #12]
  71              	.LBE4:
  77:Src/gpio.c    **** 
  78:Src/gpio.c    **** }
  72              		.loc 1 78 0
  73 0042 04B0     		add	sp, sp, #16
  74              	.LCFI1:
  75              		.cfi_def_cfa_offset 0
  76              		@ sp needed
  77 0044 7047     		bx	lr
  78              	.L4:
  79 0046 00BF     		.align	2
  80              	.L3:
  81 0048 00380240 		.word	1073887232
  82              		.cfi_endproc
  83              	.LFE123:
  85              		.text
  86              	.Letext0:
  87              		.file 2 "/usr/include/newlib/machine/_default_types.h"
  88              		.file 3 "/usr/include/newlib/sys/_stdint.h"
  89              		.file 4 "Drivers/CMSIS/Device/ST/STM32F4xx/Include/stm32f407xx.h"
  90              		.file 5 "Drivers/CMSIS/Include/core_cm4.h"
ARM GAS  /tmp/ccYRQHvb.s 			page 4


DEFINED SYMBOLS
                            *ABS*:00000000 gpio.c
     /tmp/ccYRQHvb.s:21     .text.MX_GPIO_Init:00000000 $t
     /tmp/ccYRQHvb.s:26     .text.MX_GPIO_Init:00000000 MX_GPIO_Init
     /tmp/ccYRQHvb.s:81     .text.MX_GPIO_Init:00000048 $d
                     .debug_frame:00000010 $d

NO UNDEFINED SYMBOLS
