ARM GAS  /tmp/ccG88PCv.s 			page 1


   1              		.syntax unified
   2              		.cpu cortex-m4
   3              		.eabi_attribute 27, 1
   4              		.eabi_attribute 28, 1
   5              		.fpu fpv4-sp-d16
   6              		.eabi_attribute 20, 1
   7              		.eabi_attribute 21, 1
   8              		.eabi_attribute 23, 3
   9              		.eabi_attribute 24, 1
  10              		.eabi_attribute 25, 1
  11              		.eabi_attribute 26, 1
  12              		.eabi_attribute 30, 1
  13              		.eabi_attribute 34, 1
  14              		.eabi_attribute 18, 4
  15              		.thumb
  16              		.file	"usart.c"
  17              		.text
  18              	.Ltext0:
  19              		.cfi_sections	.debug_frame
  20              		.section	.text.MX_USART1_UART_Init,"ax",%progbits
  21              		.align	2
  22              		.global	MX_USART1_UART_Init
  23              		.thumb
  24              		.thumb_func
  26              	MX_USART1_UART_Init:
  27              	.LFB123:
  28              		.file 1 "Src/usart.c"
   1:Src/usart.c   **** /**
   2:Src/usart.c   ****   ******************************************************************************
   3:Src/usart.c   ****   * File Name          : USART.c
   4:Src/usart.c   ****   * Description        : This file provides code for the configuration
   5:Src/usart.c   ****   *                      of the USART instances.
   6:Src/usart.c   ****   ******************************************************************************
   7:Src/usart.c   ****   * This notice applies to any and all portions of this file
   8:Src/usart.c   ****   * that are not between comment pairs USER CODE BEGIN and
   9:Src/usart.c   ****   * USER CODE END. Other portions of this file, whether 
  10:Src/usart.c   ****   * inserted by the user or by software development tools
  11:Src/usart.c   ****   * are owned by their respective copyright owners.
  12:Src/usart.c   ****   *
  13:Src/usart.c   ****   * Copyright (c) 2019 STMicroelectronics International N.V. 
  14:Src/usart.c   ****   * All rights reserved.
  15:Src/usart.c   ****   *
  16:Src/usart.c   ****   * Redistribution and use in source and binary forms, with or without 
  17:Src/usart.c   ****   * modification, are permitted, provided that the following conditions are met:
  18:Src/usart.c   ****   *
  19:Src/usart.c   ****   * 1. Redistribution of source code must retain the above copyright notice, 
  20:Src/usart.c   ****   *    this list of conditions and the following disclaimer.
  21:Src/usart.c   ****   * 2. Redistributions in binary form must reproduce the above copyright notice,
  22:Src/usart.c   ****   *    this list of conditions and the following disclaimer in the documentation
  23:Src/usart.c   ****   *    and/or other materials provided with the distribution.
  24:Src/usart.c   ****   * 3. Neither the name of STMicroelectronics nor the names of other 
  25:Src/usart.c   ****   *    contributors to this software may be used to endorse or promote products 
  26:Src/usart.c   ****   *    derived from this software without specific written permission.
  27:Src/usart.c   ****   * 4. This software, including modifications and/or derivative works of this 
  28:Src/usart.c   ****   *    software, must execute solely and exclusively on microcontroller or
  29:Src/usart.c   ****   *    microprocessor devices manufactured by or for STMicroelectronics.
  30:Src/usart.c   ****   * 5. Redistribution and use of this software other than as permitted under 
ARM GAS  /tmp/ccG88PCv.s 			page 2


  31:Src/usart.c   ****   *    this license is void and will automatically terminate your rights under 
  32:Src/usart.c   ****   *    this license. 
  33:Src/usart.c   ****   *
  34:Src/usart.c   ****   * THIS SOFTWARE IS PROVIDED BY STMICROELECTRONICS AND CONTRIBUTORS "AS IS" 
  35:Src/usart.c   ****   * AND ANY EXPRESS, IMPLIED OR STATUTORY WARRANTIES, INCLUDING, BUT NOT 
  36:Src/usart.c   ****   * LIMITED TO, THE IMPLIED WARRANTIES OF MERCHANTABILITY, FITNESS FOR A 
  37:Src/usart.c   ****   * PARTICULAR PURPOSE AND NON-INFRINGEMENT OF THIRD PARTY INTELLECTUAL PROPERTY
  38:Src/usart.c   ****   * RIGHTS ARE DISCLAIMED TO THE FULLEST EXTENT PERMITTED BY LAW. IN NO EVENT 
  39:Src/usart.c   ****   * SHALL STMICROELECTRONICS OR CONTRIBUTORS BE LIABLE FOR ANY DIRECT, INDIRECT,
  40:Src/usart.c   ****   * INCIDENTAL, SPECIAL, EXEMPLARY, OR CONSEQUENTIAL DAMAGES (INCLUDING, BUT NOT
  41:Src/usart.c   ****   * LIMITED TO, PROCUREMENT OF SUBSTITUTE GOODS OR SERVICES; LOSS OF USE, DATA, 
  42:Src/usart.c   ****   * OR PROFITS; OR BUSINESS INTERRUPTION) HOWEVER CAUSED AND ON ANY THEORY OF 
  43:Src/usart.c   ****   * LIABILITY, WHETHER IN CONTRACT, STRICT LIABILITY, OR TORT (INCLUDING 
  44:Src/usart.c   ****   * NEGLIGENCE OR OTHERWISE) ARISING IN ANY WAY OUT OF THE USE OF THIS SOFTWARE,
  45:Src/usart.c   ****   * EVEN IF ADVISED OF THE POSSIBILITY OF SUCH DAMAGE.
  46:Src/usart.c   ****   *
  47:Src/usart.c   ****   ******************************************************************************
  48:Src/usart.c   ****   */
  49:Src/usart.c   **** 
  50:Src/usart.c   **** /* Includes ------------------------------------------------------------------*/
  51:Src/usart.c   **** #include "usart.h"
  52:Src/usart.c   **** 
  53:Src/usart.c   **** #include "gpio.h"
  54:Src/usart.c   **** 
  55:Src/usart.c   **** /* USER CODE BEGIN 0 */
  56:Src/usart.c   **** 
  57:Src/usart.c   **** /* USER CODE END 0 */
  58:Src/usart.c   **** 
  59:Src/usart.c   **** UART_HandleTypeDef huart1;
  60:Src/usart.c   **** 
  61:Src/usart.c   **** /* USART1 init function */
  62:Src/usart.c   **** 
  63:Src/usart.c   **** void MX_USART1_UART_Init(void)
  64:Src/usart.c   **** {
  29              		.loc 1 64 0
  30              		.cfi_startproc
  31              		@ args = 0, pretend = 0, frame = 0
  32              		@ frame_needed = 0, uses_anonymous_args = 0
  33 0000 08B5     		push	{r3, lr}
  34              	.LCFI0:
  35              		.cfi_def_cfa_offset 8
  36              		.cfi_offset 3, -8
  37              		.cfi_offset 14, -4
  65:Src/usart.c   **** 
  66:Src/usart.c   ****   huart1.Instance = USART1;
  38              		.loc 1 66 0
  39 0002 0B48     		ldr	r0, .L4
  40 0004 0B4B     		ldr	r3, .L4+4
  41 0006 0360     		str	r3, [r0]
  67:Src/usart.c   ****   huart1.Init.BaudRate = 115200;
  42              		.loc 1 67 0
  43 0008 4FF4E133 		mov	r3, #115200
  44 000c 4360     		str	r3, [r0, #4]
  68:Src/usart.c   ****   huart1.Init.WordLength = UART_WORDLENGTH_8B;
  45              		.loc 1 68 0
  46 000e 0023     		movs	r3, #0
  47 0010 8360     		str	r3, [r0, #8]
ARM GAS  /tmp/ccG88PCv.s 			page 3


  69:Src/usart.c   ****   huart1.Init.StopBits = UART_STOPBITS_1;
  48              		.loc 1 69 0
  49 0012 C360     		str	r3, [r0, #12]
  70:Src/usart.c   ****   huart1.Init.Parity = UART_PARITY_NONE;
  50              		.loc 1 70 0
  51 0014 0361     		str	r3, [r0, #16]
  71:Src/usart.c   ****   huart1.Init.Mode = UART_MODE_TX_RX;
  52              		.loc 1 71 0
  53 0016 0C22     		movs	r2, #12
  54 0018 4261     		str	r2, [r0, #20]
  72:Src/usart.c   ****   huart1.Init.HwFlowCtl = UART_HWCONTROL_NONE;
  55              		.loc 1 72 0
  56 001a 8361     		str	r3, [r0, #24]
  73:Src/usart.c   ****   huart1.Init.OverSampling = UART_OVERSAMPLING_16;
  57              		.loc 1 73 0
  58 001c C361     		str	r3, [r0, #28]
  74:Src/usart.c   ****   if (HAL_UART_Init(&huart1) != HAL_OK)
  59              		.loc 1 74 0
  60 001e FFF7FEFF 		bl	HAL_UART_Init
  61              	.LVL0:
  62 0022 18B1     		cbz	r0, .L1
  75:Src/usart.c   ****   {
  76:Src/usart.c   ****     _Error_Handler(__FILE__, __LINE__);
  63              		.loc 1 76 0
  64 0024 0448     		ldr	r0, .L4+8
  65 0026 4C21     		movs	r1, #76
  66 0028 FFF7FEFF 		bl	_Error_Handler
  67              	.LVL1:
  68              	.L1:
  69 002c 08BD     		pop	{r3, pc}
  70              	.L5:
  71 002e 00BF     		.align	2
  72              	.L4:
  73 0030 00000000 		.word	huart1
  74 0034 00100140 		.word	1073811456
  75 0038 00000000 		.word	.LC0
  76              		.cfi_endproc
  77              	.LFE123:
  79              		.section	.text.HAL_UART_MspInit,"ax",%progbits
  80              		.align	2
  81              		.global	HAL_UART_MspInit
  82              		.thumb
  83              		.thumb_func
  85              	HAL_UART_MspInit:
  86              	.LFB124:
  77:Src/usart.c   ****   }
  78:Src/usart.c   **** 
  79:Src/usart.c   **** }
  80:Src/usart.c   **** 
  81:Src/usart.c   **** void HAL_UART_MspInit(UART_HandleTypeDef* uartHandle)
  82:Src/usart.c   **** {
  87              		.loc 1 82 0
  88              		.cfi_startproc
  89              		@ args = 0, pretend = 0, frame = 24
  90              		@ frame_needed = 0, uses_anonymous_args = 0
  91              	.LVL2:
  83:Src/usart.c   **** 
ARM GAS  /tmp/ccG88PCv.s 			page 4


  84:Src/usart.c   ****   GPIO_InitTypeDef GPIO_InitStruct;
  85:Src/usart.c   ****   if(uartHandle->Instance==USART1)
  92              		.loc 1 85 0
  93 0000 0268     		ldr	r2, [r0]
  94 0002 124B     		ldr	r3, .L10
  95 0004 9A42     		cmp	r2, r3
  96 0006 1FD1     		bne	.L9
  82:Src/usart.c   **** 
  97              		.loc 1 82 0
  98 0008 00B5     		push	{lr}
  99              	.LCFI1:
 100              		.cfi_def_cfa_offset 4
 101              		.cfi_offset 14, -4
 102 000a 87B0     		sub	sp, sp, #28
 103              	.LCFI2:
 104              		.cfi_def_cfa_offset 32
 105              	.LBB2:
  86:Src/usart.c   ****   {
  87:Src/usart.c   ****   /* USER CODE BEGIN USART1_MspInit 0 */
  88:Src/usart.c   **** 
  89:Src/usart.c   ****   /* USER CODE END USART1_MspInit 0 */
  90:Src/usart.c   ****     /* USART1 clock enable */
  91:Src/usart.c   ****     __HAL_RCC_USART1_CLK_ENABLE();
 106              		.loc 1 91 0
 107 000c 0023     		movs	r3, #0
 108 000e 0093     		str	r3, [sp]
 109 0010 0F4B     		ldr	r3, .L10+4
 110 0012 5A6C     		ldr	r2, [r3, #68]
 111 0014 42F01002 		orr	r2, r2, #16
 112 0018 5A64     		str	r2, [r3, #68]
 113 001a 5B6C     		ldr	r3, [r3, #68]
 114 001c 03F01003 		and	r3, r3, #16
 115 0020 0093     		str	r3, [sp]
 116 0022 009B     		ldr	r3, [sp]
 117              	.LBE2:
  92:Src/usart.c   ****   
  93:Src/usart.c   ****     /**USART1 GPIO Configuration    
  94:Src/usart.c   ****     PA9     ------> USART1_TX
  95:Src/usart.c   ****     PA10     ------> USART1_RX 
  96:Src/usart.c   ****     */
  97:Src/usart.c   ****     GPIO_InitStruct.Pin = GPIO_PIN_9|GPIO_PIN_10;
 118              		.loc 1 97 0
 119 0024 4FF4C063 		mov	r3, #1536
 120 0028 0193     		str	r3, [sp, #4]
  98:Src/usart.c   ****     GPIO_InitStruct.Mode = GPIO_MODE_AF_PP;
 121              		.loc 1 98 0
 122 002a 0223     		movs	r3, #2
 123 002c 0293     		str	r3, [sp, #8]
  99:Src/usart.c   ****     GPIO_InitStruct.Pull = GPIO_PULLUP;
 124              		.loc 1 99 0
 125 002e 0123     		movs	r3, #1
 126 0030 0393     		str	r3, [sp, #12]
 100:Src/usart.c   ****     GPIO_InitStruct.Speed = GPIO_SPEED_FREQ_VERY_HIGH;
 127              		.loc 1 100 0
 128 0032 0323     		movs	r3, #3
 129 0034 0493     		str	r3, [sp, #16]
 101:Src/usart.c   ****     GPIO_InitStruct.Alternate = GPIO_AF7_USART1;
ARM GAS  /tmp/ccG88PCv.s 			page 5


 130              		.loc 1 101 0
 131 0036 0723     		movs	r3, #7
 132 0038 0593     		str	r3, [sp, #20]
 102:Src/usart.c   ****     HAL_GPIO_Init(GPIOA, &GPIO_InitStruct);
 133              		.loc 1 102 0
 134 003a 0648     		ldr	r0, .L10+8
 135              	.LVL3:
 136 003c 01A9     		add	r1, sp, #4
 137 003e FFF7FEFF 		bl	HAL_GPIO_Init
 138              	.LVL4:
 103:Src/usart.c   **** 
 104:Src/usart.c   ****   /* USER CODE BEGIN USART1_MspInit 1 */
 105:Src/usart.c   **** 
 106:Src/usart.c   ****   /* USER CODE END USART1_MspInit 1 */
 107:Src/usart.c   ****   }
 108:Src/usart.c   **** }
 139              		.loc 1 108 0
 140 0042 07B0     		add	sp, sp, #28
 141              	.LCFI3:
 142              		.cfi_def_cfa_offset 4
 143              		@ sp needed
 144 0044 5DF804FB 		ldr	pc, [sp], #4
 145              	.LVL5:
 146              	.L9:
 147              	.LCFI4:
 148              		.cfi_def_cfa_offset 0
 149              		.cfi_restore 14
 150 0048 7047     		bx	lr
 151              	.L11:
 152 004a 00BF     		.align	2
 153              	.L10:
 154 004c 00100140 		.word	1073811456
 155 0050 00380240 		.word	1073887232
 156 0054 00000240 		.word	1073872896
 157              		.cfi_endproc
 158              	.LFE124:
 160              		.section	.text.HAL_UART_MspDeInit,"ax",%progbits
 161              		.align	2
 162              		.global	HAL_UART_MspDeInit
 163              		.thumb
 164              		.thumb_func
 166              	HAL_UART_MspDeInit:
 167              	.LFB125:
 109:Src/usart.c   **** 
 110:Src/usart.c   **** void HAL_UART_MspDeInit(UART_HandleTypeDef* uartHandle)
 111:Src/usart.c   **** {
 168              		.loc 1 111 0
 169              		.cfi_startproc
 170              		@ args = 0, pretend = 0, frame = 0
 171              		@ frame_needed = 0, uses_anonymous_args = 0
 172              	.LVL6:
 173 0000 08B5     		push	{r3, lr}
 174              	.LCFI5:
 175              		.cfi_def_cfa_offset 8
 176              		.cfi_offset 3, -8
 177              		.cfi_offset 14, -4
 112:Src/usart.c   **** 
ARM GAS  /tmp/ccG88PCv.s 			page 6


 113:Src/usart.c   ****   if(uartHandle->Instance==USART1)
 178              		.loc 1 113 0
 179 0002 0268     		ldr	r2, [r0]
 180 0004 064B     		ldr	r3, .L15
 181 0006 9A42     		cmp	r2, r3
 182 0008 09D1     		bne	.L12
 114:Src/usart.c   ****   {
 115:Src/usart.c   ****   /* USER CODE BEGIN USART1_MspDeInit 0 */
 116:Src/usart.c   **** 
 117:Src/usart.c   ****   /* USER CODE END USART1_MspDeInit 0 */
 118:Src/usart.c   ****     /* Peripheral clock disable */
 119:Src/usart.c   ****     __HAL_RCC_USART1_CLK_DISABLE();
 183              		.loc 1 119 0
 184 000a 064A     		ldr	r2, .L15+4
 185 000c 536C     		ldr	r3, [r2, #68]
 186 000e 23F01003 		bic	r3, r3, #16
 187 0012 5364     		str	r3, [r2, #68]
 120:Src/usart.c   ****   
 121:Src/usart.c   ****     /**USART1 GPIO Configuration    
 122:Src/usart.c   ****     PA9     ------> USART1_TX
 123:Src/usart.c   ****     PA10     ------> USART1_RX 
 124:Src/usart.c   ****     */
 125:Src/usart.c   ****     HAL_GPIO_DeInit(GPIOA, GPIO_PIN_9|GPIO_PIN_10);
 188              		.loc 1 125 0
 189 0014 0448     		ldr	r0, .L15+8
 190              	.LVL7:
 191 0016 4FF4C061 		mov	r1, #1536
 192 001a FFF7FEFF 		bl	HAL_GPIO_DeInit
 193              	.LVL8:
 194              	.L12:
 195 001e 08BD     		pop	{r3, pc}
 196              	.L16:
 197              		.align	2
 198              	.L15:
 199 0020 00100140 		.word	1073811456
 200 0024 00380240 		.word	1073887232
 201 0028 00000240 		.word	1073872896
 202              		.cfi_endproc
 203              	.LFE125:
 205              		.comm	huart1,64,4
 206              		.section	.rodata.str1.4,"aMS",%progbits,1
 207              		.align	2
 208              	.LC0:
 209 0000 5372632F 		.ascii	"Src/usart.c\000"
 209      75736172 
 209      742E6300 
 210              		.text
 211              	.Letext0:
 212              		.file 2 "/usr/include/newlib/machine/_default_types.h"
 213              		.file 3 "/usr/include/newlib/sys/_stdint.h"
 214              		.file 4 "Drivers/CMSIS/Device/ST/STM32F4xx/Include/stm32f407xx.h"
 215              		.file 5 "Drivers/STM32F4xx_HAL_Driver/Inc/stm32f4xx_hal_def.h"
 216              		.file 6 "Drivers/STM32F4xx_HAL_Driver/Inc/stm32f4xx_hal_gpio.h"
 217              		.file 7 "Drivers/STM32F4xx_HAL_Driver/Inc/stm32f4xx_hal_dma.h"
 218              		.file 8 "Drivers/STM32F4xx_HAL_Driver/Inc/stm32f4xx_hal_uart.h"
 219              		.file 9 "Drivers/CMSIS/Include/core_cm4.h"
 220              		.file 10 "Inc/usart.h"
ARM GAS  /tmp/ccG88PCv.s 			page 7


ARM GAS  /tmp/ccG88PCv.s 			page 8


DEFINED SYMBOLS
                            *ABS*:00000000 usart.c
     /tmp/ccG88PCv.s:21     .text.MX_USART1_UART_Init:00000000 $t
     /tmp/ccG88PCv.s:26     .text.MX_USART1_UART_Init:00000000 MX_USART1_UART_Init
     /tmp/ccG88PCv.s:73     .text.MX_USART1_UART_Init:00000030 $d
                            *COM*:00000040 huart1
     /tmp/ccG88PCv.s:80     .text.HAL_UART_MspInit:00000000 $t
     /tmp/ccG88PCv.s:85     .text.HAL_UART_MspInit:00000000 HAL_UART_MspInit
     /tmp/ccG88PCv.s:154    .text.HAL_UART_MspInit:0000004c $d
     /tmp/ccG88PCv.s:161    .text.HAL_UART_MspDeInit:00000000 $t
     /tmp/ccG88PCv.s:166    .text.HAL_UART_MspDeInit:00000000 HAL_UART_MspDeInit
     /tmp/ccG88PCv.s:199    .text.HAL_UART_MspDeInit:00000020 $d
     /tmp/ccG88PCv.s:207    .rodata.str1.4:00000000 $d
                     .debug_frame:00000010 $d

UNDEFINED SYMBOLS
HAL_UART_Init
_Error_Handler
HAL_GPIO_Init
HAL_GPIO_DeInit
