ARM GAS  /tmp/ccbUFeig.s 			page 1


   1              		.syntax unified
   2              		.cpu cortex-m4
   3              		.eabi_attribute 27, 1
   4              		.eabi_attribute 28, 1
   5              		.fpu fpv4-sp-d16
   6              		.eabi_attribute 20, 1
   7              		.eabi_attribute 21, 1
   8              		.eabi_attribute 23, 3
   9              		.eabi_attribute 24, 1
  10              		.eabi_attribute 25, 1
  11              		.eabi_attribute 26, 1
  12              		.eabi_attribute 30, 1
  13              		.eabi_attribute 34, 1
  14              		.eabi_attribute 18, 4
  15              		.thumb
  16              		.file	"usbd_cdc_if.c"
  17              		.text
  18              	.Ltext0:
  19              		.cfi_sections	.debug_frame
  20              		.section	.text.CDC_DeInit_FS,"ax",%progbits
  21              		.align	2
  22              		.thumb
  23              		.thumb_func
  25              	CDC_DeInit_FS:
  26              	.LFB124:
  27              		.file 1 "Src/usbd_cdc_if.c"
   1:Src/usbd_cdc_if.c **** /**
   2:Src/usbd_cdc_if.c ****   ******************************************************************************
   3:Src/usbd_cdc_if.c ****   * @file           : usbd_cdc_if.c
   4:Src/usbd_cdc_if.c ****   * @version        : v1.0_Cube
   5:Src/usbd_cdc_if.c ****   * @brief          : Usb device for Virtual Com Port.
   6:Src/usbd_cdc_if.c ****   ******************************************************************************
   7:Src/usbd_cdc_if.c ****   * This notice applies to any and all portions of this file
   8:Src/usbd_cdc_if.c ****   * that are not between comment pairs USER CODE BEGIN and
   9:Src/usbd_cdc_if.c ****   * USER CODE END. Other portions of this file, whether 
  10:Src/usbd_cdc_if.c ****   * inserted by the user or by software development tools
  11:Src/usbd_cdc_if.c ****   * are owned by their respective copyright owners.
  12:Src/usbd_cdc_if.c ****   *
  13:Src/usbd_cdc_if.c ****   * Copyright (c) 2019 STMicroelectronics International N.V. 
  14:Src/usbd_cdc_if.c ****   * All rights reserved.
  15:Src/usbd_cdc_if.c ****   *
  16:Src/usbd_cdc_if.c ****   * Redistribution and use in source and binary forms, with or without 
  17:Src/usbd_cdc_if.c ****   * modification, are permitted, provided that the following conditions are met:
  18:Src/usbd_cdc_if.c ****   *
  19:Src/usbd_cdc_if.c ****   * 1. Redistribution of source code must retain the above copyright notice, 
  20:Src/usbd_cdc_if.c ****   *    this list of conditions and the following disclaimer.
  21:Src/usbd_cdc_if.c ****   * 2. Redistributions in binary form must reproduce the above copyright notice,
  22:Src/usbd_cdc_if.c ****   *    this list of conditions and the following disclaimer in the documentation
  23:Src/usbd_cdc_if.c ****   *    and/or other materials provided with the distribution.
  24:Src/usbd_cdc_if.c ****   * 3. Neither the name of STMicroelectronics nor the names of other 
  25:Src/usbd_cdc_if.c ****   *    contributors to this software may be used to endorse or promote products 
  26:Src/usbd_cdc_if.c ****   *    derived from this software without specific written permission.
  27:Src/usbd_cdc_if.c ****   * 4. This software, including modifications and/or derivative works of this 
  28:Src/usbd_cdc_if.c ****   *    software, must execute solely and exclusively on microcontroller or
  29:Src/usbd_cdc_if.c ****   *    microprocessor devices manufactured by or for STMicroelectronics.
  30:Src/usbd_cdc_if.c ****   * 5. Redistribution and use of this software other than as permitted under 
  31:Src/usbd_cdc_if.c ****   *    this license is void and will automatically terminate your rights under 
ARM GAS  /tmp/ccbUFeig.s 			page 2


  32:Src/usbd_cdc_if.c ****   *    this license. 
  33:Src/usbd_cdc_if.c ****   *
  34:Src/usbd_cdc_if.c ****   * THIS SOFTWARE IS PROVIDED BY STMICROELECTRONICS AND CONTRIBUTORS "AS IS" 
  35:Src/usbd_cdc_if.c ****   * AND ANY EXPRESS, IMPLIED OR STATUTORY WARRANTIES, INCLUDING, BUT NOT 
  36:Src/usbd_cdc_if.c ****   * LIMITED TO, THE IMPLIED WARRANTIES OF MERCHANTABILITY, FITNESS FOR A 
  37:Src/usbd_cdc_if.c ****   * PARTICULAR PURPOSE AND NON-INFRINGEMENT OF THIRD PARTY INTELLECTUAL PROPERTY
  38:Src/usbd_cdc_if.c ****   * RIGHTS ARE DISCLAIMED TO THE FULLEST EXTENT PERMITTED BY LAW. IN NO EVENT 
  39:Src/usbd_cdc_if.c ****   * SHALL STMICROELECTRONICS OR CONTRIBUTORS BE LIABLE FOR ANY DIRECT, INDIRECT,
  40:Src/usbd_cdc_if.c ****   * INCIDENTAL, SPECIAL, EXEMPLARY, OR CONSEQUENTIAL DAMAGES (INCLUDING, BUT NOT
  41:Src/usbd_cdc_if.c ****   * LIMITED TO, PROCUREMENT OF SUBSTITUTE GOODS OR SERVICES; LOSS OF USE, DATA, 
  42:Src/usbd_cdc_if.c ****   * OR PROFITS; OR BUSINESS INTERRUPTION) HOWEVER CAUSED AND ON ANY THEORY OF 
  43:Src/usbd_cdc_if.c ****   * LIABILITY, WHETHER IN CONTRACT, STRICT LIABILITY, OR TORT (INCLUDING 
  44:Src/usbd_cdc_if.c ****   * NEGLIGENCE OR OTHERWISE) ARISING IN ANY WAY OUT OF THE USE OF THIS SOFTWARE,
  45:Src/usbd_cdc_if.c ****   * EVEN IF ADVISED OF THE POSSIBILITY OF SUCH DAMAGE.
  46:Src/usbd_cdc_if.c ****   *
  47:Src/usbd_cdc_if.c ****   ******************************************************************************
  48:Src/usbd_cdc_if.c ****   */
  49:Src/usbd_cdc_if.c **** 
  50:Src/usbd_cdc_if.c **** /* Includes ------------------------------------------------------------------*/
  51:Src/usbd_cdc_if.c **** #include "usbd_cdc_if.h"
  52:Src/usbd_cdc_if.c **** 
  53:Src/usbd_cdc_if.c **** /* USER CODE BEGIN INCLUDE */
  54:Src/usbd_cdc_if.c **** 
  55:Src/usbd_cdc_if.c **** /* USER CODE END INCLUDE */
  56:Src/usbd_cdc_if.c **** 
  57:Src/usbd_cdc_if.c **** /* Private typedef -----------------------------------------------------------*/
  58:Src/usbd_cdc_if.c **** /* Private define ------------------------------------------------------------*/
  59:Src/usbd_cdc_if.c **** /* Private macro -------------------------------------------------------------*/
  60:Src/usbd_cdc_if.c **** 
  61:Src/usbd_cdc_if.c **** /* USER CODE BEGIN PV */
  62:Src/usbd_cdc_if.c **** /* Private variables ---------------------------------------------------------*/
  63:Src/usbd_cdc_if.c **** 
  64:Src/usbd_cdc_if.c **** /* USER CODE END PV */
  65:Src/usbd_cdc_if.c **** 
  66:Src/usbd_cdc_if.c **** /** @addtogroup STM32_USB_OTG_DEVICE_LIBRARY
  67:Src/usbd_cdc_if.c ****   * @brief Usb device library.
  68:Src/usbd_cdc_if.c ****   * @{
  69:Src/usbd_cdc_if.c ****   */
  70:Src/usbd_cdc_if.c **** 
  71:Src/usbd_cdc_if.c **** /** @addtogroup USBD_CDC_IF
  72:Src/usbd_cdc_if.c ****   * @{
  73:Src/usbd_cdc_if.c ****   */
  74:Src/usbd_cdc_if.c **** 
  75:Src/usbd_cdc_if.c **** /** @defgroup USBD_CDC_IF_Private_TypesDefinitions USBD_CDC_IF_Private_TypesDefinitions
  76:Src/usbd_cdc_if.c ****   * @brief Private types.
  77:Src/usbd_cdc_if.c ****   * @{
  78:Src/usbd_cdc_if.c ****   */
  79:Src/usbd_cdc_if.c **** 
  80:Src/usbd_cdc_if.c **** /* USER CODE BEGIN PRIVATE_TYPES */
  81:Src/usbd_cdc_if.c **** 
  82:Src/usbd_cdc_if.c **** /* USER CODE END PRIVATE_TYPES */
  83:Src/usbd_cdc_if.c **** 
  84:Src/usbd_cdc_if.c **** /**
  85:Src/usbd_cdc_if.c ****   * @}
  86:Src/usbd_cdc_if.c ****   */
  87:Src/usbd_cdc_if.c **** 
  88:Src/usbd_cdc_if.c **** /** @defgroup USBD_CDC_IF_Private_Defines USBD_CDC_IF_Private_Defines
ARM GAS  /tmp/ccbUFeig.s 			page 3


  89:Src/usbd_cdc_if.c ****   * @brief Private defines.
  90:Src/usbd_cdc_if.c ****   * @{
  91:Src/usbd_cdc_if.c ****   */
  92:Src/usbd_cdc_if.c **** 
  93:Src/usbd_cdc_if.c **** /* USER CODE BEGIN PRIVATE_DEFINES */
  94:Src/usbd_cdc_if.c **** /* Define size for the receive and transmit buffer over CDC */
  95:Src/usbd_cdc_if.c **** /* It's up to user to redefine and/or remove those define */
  96:Src/usbd_cdc_if.c **** #define APP_RX_DATA_SIZE  2048
  97:Src/usbd_cdc_if.c **** #define APP_TX_DATA_SIZE  2048
  98:Src/usbd_cdc_if.c **** /* USER CODE END PRIVATE_DEFINES */
  99:Src/usbd_cdc_if.c **** 
 100:Src/usbd_cdc_if.c **** /**
 101:Src/usbd_cdc_if.c ****   * @}
 102:Src/usbd_cdc_if.c ****   */
 103:Src/usbd_cdc_if.c **** 
 104:Src/usbd_cdc_if.c **** /** @defgroup USBD_CDC_IF_Private_Macros USBD_CDC_IF_Private_Macros
 105:Src/usbd_cdc_if.c ****   * @brief Private macros.
 106:Src/usbd_cdc_if.c ****   * @{
 107:Src/usbd_cdc_if.c ****   */
 108:Src/usbd_cdc_if.c **** 
 109:Src/usbd_cdc_if.c **** /* USER CODE BEGIN PRIVATE_MACRO */
 110:Src/usbd_cdc_if.c **** 
 111:Src/usbd_cdc_if.c **** /* USER CODE END PRIVATE_MACRO */
 112:Src/usbd_cdc_if.c **** 
 113:Src/usbd_cdc_if.c **** /**
 114:Src/usbd_cdc_if.c ****   * @}
 115:Src/usbd_cdc_if.c ****   */
 116:Src/usbd_cdc_if.c **** 
 117:Src/usbd_cdc_if.c **** /** @defgroup USBD_CDC_IF_Private_Variables USBD_CDC_IF_Private_Variables
 118:Src/usbd_cdc_if.c ****   * @brief Private variables.
 119:Src/usbd_cdc_if.c ****   * @{
 120:Src/usbd_cdc_if.c ****   */
 121:Src/usbd_cdc_if.c **** /* Create buffer for reception and transmission           */
 122:Src/usbd_cdc_if.c **** /* It's up to user to redefine and/or remove those define */
 123:Src/usbd_cdc_if.c **** /** Received data over USB are stored in this buffer      */
 124:Src/usbd_cdc_if.c **** uint8_t UserRxBufferFS[APP_RX_DATA_SIZE];
 125:Src/usbd_cdc_if.c **** 
 126:Src/usbd_cdc_if.c **** /** Data to send over USB CDC are stored in this buffer   */
 127:Src/usbd_cdc_if.c **** uint8_t UserTxBufferFS[APP_TX_DATA_SIZE];
 128:Src/usbd_cdc_if.c **** 
 129:Src/usbd_cdc_if.c **** /* USER CODE BEGIN PRIVATE_VARIABLES */
 130:Src/usbd_cdc_if.c **** 
 131:Src/usbd_cdc_if.c **** /* USER CODE END PRIVATE_VARIABLES */
 132:Src/usbd_cdc_if.c **** 
 133:Src/usbd_cdc_if.c **** /**
 134:Src/usbd_cdc_if.c ****   * @}
 135:Src/usbd_cdc_if.c ****   */
 136:Src/usbd_cdc_if.c **** 
 137:Src/usbd_cdc_if.c **** /** @defgroup USBD_CDC_IF_Exported_Variables USBD_CDC_IF_Exported_Variables
 138:Src/usbd_cdc_if.c ****   * @brief Public variables.
 139:Src/usbd_cdc_if.c ****   * @{
 140:Src/usbd_cdc_if.c ****   */
 141:Src/usbd_cdc_if.c **** 
 142:Src/usbd_cdc_if.c **** extern USBD_HandleTypeDef hUsbDeviceFS;
 143:Src/usbd_cdc_if.c **** 
 144:Src/usbd_cdc_if.c **** /* USER CODE BEGIN EXPORTED_VARIABLES */
 145:Src/usbd_cdc_if.c **** 
ARM GAS  /tmp/ccbUFeig.s 			page 4


 146:Src/usbd_cdc_if.c **** /* USER CODE END EXPORTED_VARIABLES */
 147:Src/usbd_cdc_if.c **** 
 148:Src/usbd_cdc_if.c **** /**
 149:Src/usbd_cdc_if.c ****   * @}
 150:Src/usbd_cdc_if.c ****   */
 151:Src/usbd_cdc_if.c **** 
 152:Src/usbd_cdc_if.c **** /** @defgroup USBD_CDC_IF_Private_FunctionPrototypes USBD_CDC_IF_Private_FunctionPrototypes
 153:Src/usbd_cdc_if.c ****   * @brief Private functions declaration.
 154:Src/usbd_cdc_if.c ****   * @{
 155:Src/usbd_cdc_if.c ****   */
 156:Src/usbd_cdc_if.c **** 
 157:Src/usbd_cdc_if.c **** static int8_t CDC_Init_FS(void);
 158:Src/usbd_cdc_if.c **** static int8_t CDC_DeInit_FS(void);
 159:Src/usbd_cdc_if.c **** static int8_t CDC_Control_FS(uint8_t cmd, uint8_t* pbuf, uint16_t length);
 160:Src/usbd_cdc_if.c **** static int8_t CDC_Receive_FS(uint8_t* pbuf, uint32_t *Len);
 161:Src/usbd_cdc_if.c **** 
 162:Src/usbd_cdc_if.c **** /* USER CODE BEGIN PRIVATE_FUNCTIONS_DECLARATION */
 163:Src/usbd_cdc_if.c **** 
 164:Src/usbd_cdc_if.c **** /* USER CODE END PRIVATE_FUNCTIONS_DECLARATION */
 165:Src/usbd_cdc_if.c **** 
 166:Src/usbd_cdc_if.c **** /**
 167:Src/usbd_cdc_if.c ****   * @}
 168:Src/usbd_cdc_if.c ****   */
 169:Src/usbd_cdc_if.c **** 
 170:Src/usbd_cdc_if.c **** USBD_CDC_ItfTypeDef USBD_Interface_fops_FS =
 171:Src/usbd_cdc_if.c **** {
 172:Src/usbd_cdc_if.c ****   CDC_Init_FS,
 173:Src/usbd_cdc_if.c ****   CDC_DeInit_FS,
 174:Src/usbd_cdc_if.c ****   CDC_Control_FS,
 175:Src/usbd_cdc_if.c ****   CDC_Receive_FS
 176:Src/usbd_cdc_if.c **** };
 177:Src/usbd_cdc_if.c **** 
 178:Src/usbd_cdc_if.c **** /* Private functions ---------------------------------------------------------*/
 179:Src/usbd_cdc_if.c **** /**
 180:Src/usbd_cdc_if.c ****   * @brief  Initializes the CDC media low layer over the FS USB IP
 181:Src/usbd_cdc_if.c ****   * @retval USBD_OK if all operations are OK else USBD_FAIL
 182:Src/usbd_cdc_if.c ****   */
 183:Src/usbd_cdc_if.c **** static int8_t CDC_Init_FS(void)
 184:Src/usbd_cdc_if.c **** {
 185:Src/usbd_cdc_if.c ****   /* USER CODE BEGIN 3 */
 186:Src/usbd_cdc_if.c ****   /* Set Application Buffers */
 187:Src/usbd_cdc_if.c ****   USBD_CDC_SetTxBuffer(&hUsbDeviceFS, UserTxBufferFS, 0);
 188:Src/usbd_cdc_if.c ****   USBD_CDC_SetRxBuffer(&hUsbDeviceFS, UserRxBufferFS);
 189:Src/usbd_cdc_if.c ****   return (USBD_OK);
 190:Src/usbd_cdc_if.c ****   /* USER CODE END 3 */
 191:Src/usbd_cdc_if.c **** }
 192:Src/usbd_cdc_if.c **** 
 193:Src/usbd_cdc_if.c **** /**
 194:Src/usbd_cdc_if.c ****   * @brief  DeInitializes the CDC media low layer
 195:Src/usbd_cdc_if.c ****   * @retval USBD_OK if all operations are OK else USBD_FAIL
 196:Src/usbd_cdc_if.c ****   */
 197:Src/usbd_cdc_if.c **** static int8_t CDC_DeInit_FS(void)
 198:Src/usbd_cdc_if.c **** {
  28              		.loc 1 198 0
  29              		.cfi_startproc
  30              		@ args = 0, pretend = 0, frame = 0
  31              		@ frame_needed = 0, uses_anonymous_args = 0
ARM GAS  /tmp/ccbUFeig.s 			page 5


  32              		@ link register save eliminated.
 199:Src/usbd_cdc_if.c ****   /* USER CODE BEGIN 4 */
 200:Src/usbd_cdc_if.c ****   return (USBD_OK);
 201:Src/usbd_cdc_if.c ****   /* USER CODE END 4 */
 202:Src/usbd_cdc_if.c **** }
  33              		.loc 1 202 0
  34 0000 0020     		movs	r0, #0
  35 0002 7047     		bx	lr
  36              		.cfi_endproc
  37              	.LFE124:
  39              		.section	.text.CDC_Control_FS,"ax",%progbits
  40              		.align	2
  41              		.thumb
  42              		.thumb_func
  44              	CDC_Control_FS:
  45              	.LFB125:
 203:Src/usbd_cdc_if.c **** 
 204:Src/usbd_cdc_if.c **** /**
 205:Src/usbd_cdc_if.c ****   * @brief  Manage the CDC class requests
 206:Src/usbd_cdc_if.c ****   * @param  cmd: Command code
 207:Src/usbd_cdc_if.c ****   * @param  pbuf: Buffer containing command data (request parameters)
 208:Src/usbd_cdc_if.c ****   * @param  length: Number of data to be sent (in bytes)
 209:Src/usbd_cdc_if.c ****   * @retval Result of the operation: USBD_OK if all operations are OK else USBD_FAIL
 210:Src/usbd_cdc_if.c ****   */
 211:Src/usbd_cdc_if.c **** static int8_t CDC_Control_FS(uint8_t cmd, uint8_t* pbuf, uint16_t length)
 212:Src/usbd_cdc_if.c **** {
  46              		.loc 1 212 0
  47              		.cfi_startproc
  48              		@ args = 0, pretend = 0, frame = 0
  49              		@ frame_needed = 0, uses_anonymous_args = 0
  50              		@ link register save eliminated.
  51              	.LVL0:
 213:Src/usbd_cdc_if.c ****   /* USER CODE BEGIN 5 */
 214:Src/usbd_cdc_if.c ****   switch(cmd)
 215:Src/usbd_cdc_if.c ****   {
 216:Src/usbd_cdc_if.c ****     case CDC_SEND_ENCAPSULATED_COMMAND:
 217:Src/usbd_cdc_if.c **** 
 218:Src/usbd_cdc_if.c ****     break;
 219:Src/usbd_cdc_if.c **** 
 220:Src/usbd_cdc_if.c ****     case CDC_GET_ENCAPSULATED_RESPONSE:
 221:Src/usbd_cdc_if.c **** 
 222:Src/usbd_cdc_if.c ****     break;
 223:Src/usbd_cdc_if.c **** 
 224:Src/usbd_cdc_if.c ****     case CDC_SET_COMM_FEATURE:
 225:Src/usbd_cdc_if.c **** 
 226:Src/usbd_cdc_if.c ****     break;
 227:Src/usbd_cdc_if.c **** 
 228:Src/usbd_cdc_if.c ****     case CDC_GET_COMM_FEATURE:
 229:Src/usbd_cdc_if.c **** 
 230:Src/usbd_cdc_if.c ****     break;
 231:Src/usbd_cdc_if.c **** 
 232:Src/usbd_cdc_if.c ****     case CDC_CLEAR_COMM_FEATURE:
 233:Src/usbd_cdc_if.c **** 
 234:Src/usbd_cdc_if.c ****     break;
 235:Src/usbd_cdc_if.c **** 
 236:Src/usbd_cdc_if.c ****   /*******************************************************************************/
 237:Src/usbd_cdc_if.c ****   /* Line Coding Structure                                                       */
ARM GAS  /tmp/ccbUFeig.s 			page 6


 238:Src/usbd_cdc_if.c ****   /*-----------------------------------------------------------------------------*/
 239:Src/usbd_cdc_if.c ****   /* Offset | Field       | Size | Value  | Description                          */
 240:Src/usbd_cdc_if.c ****   /* 0      | dwDTERate   |   4  | Number |Data terminal rate, in bits per second*/
 241:Src/usbd_cdc_if.c ****   /* 4      | bCharFormat |   1  | Number | Stop bits                            */
 242:Src/usbd_cdc_if.c ****   /*                                        0 - 1 Stop bit                       */
 243:Src/usbd_cdc_if.c ****   /*                                        1 - 1.5 Stop bits                    */
 244:Src/usbd_cdc_if.c ****   /*                                        2 - 2 Stop bits                      */
 245:Src/usbd_cdc_if.c ****   /* 5      | bParityType |  1   | Number | Parity                               */
 246:Src/usbd_cdc_if.c ****   /*                                        0 - None                             */
 247:Src/usbd_cdc_if.c ****   /*                                        1 - Odd                              */
 248:Src/usbd_cdc_if.c ****   /*                                        2 - Even                             */
 249:Src/usbd_cdc_if.c ****   /*                                        3 - Mark                             */
 250:Src/usbd_cdc_if.c ****   /*                                        4 - Space                            */
 251:Src/usbd_cdc_if.c ****   /* 6      | bDataBits  |   1   | Number Data bits (5, 6, 7, 8 or 16).          */
 252:Src/usbd_cdc_if.c ****   /*******************************************************************************/
 253:Src/usbd_cdc_if.c ****     case CDC_SET_LINE_CODING:
 254:Src/usbd_cdc_if.c **** 
 255:Src/usbd_cdc_if.c ****     break;
 256:Src/usbd_cdc_if.c **** 
 257:Src/usbd_cdc_if.c ****     case CDC_GET_LINE_CODING:
 258:Src/usbd_cdc_if.c **** 
 259:Src/usbd_cdc_if.c ****     break;
 260:Src/usbd_cdc_if.c **** 
 261:Src/usbd_cdc_if.c ****     case CDC_SET_CONTROL_LINE_STATE:
 262:Src/usbd_cdc_if.c **** 
 263:Src/usbd_cdc_if.c ****     break;
 264:Src/usbd_cdc_if.c **** 
 265:Src/usbd_cdc_if.c ****     case CDC_SEND_BREAK:
 266:Src/usbd_cdc_if.c **** 
 267:Src/usbd_cdc_if.c ****     break;
 268:Src/usbd_cdc_if.c **** 
 269:Src/usbd_cdc_if.c ****   default:
 270:Src/usbd_cdc_if.c ****     break;
 271:Src/usbd_cdc_if.c ****   }
 272:Src/usbd_cdc_if.c **** 
 273:Src/usbd_cdc_if.c ****   return (USBD_OK);
 274:Src/usbd_cdc_if.c ****   /* USER CODE END 5 */
 275:Src/usbd_cdc_if.c **** }
  52              		.loc 1 275 0
  53 0000 0020     		movs	r0, #0
  54              	.LVL1:
  55 0002 7047     		bx	lr
  56              		.cfi_endproc
  57              	.LFE125:
  59              		.section	.text.CDC_Receive_FS,"ax",%progbits
  60              		.align	2
  61              		.thumb
  62              		.thumb_func
  64              	CDC_Receive_FS:
  65              	.LFB126:
 276:Src/usbd_cdc_if.c **** 
 277:Src/usbd_cdc_if.c **** /**
 278:Src/usbd_cdc_if.c ****   * @brief  Data received over USB OUT endpoint are sent over CDC interface
 279:Src/usbd_cdc_if.c ****   *         through this function.
 280:Src/usbd_cdc_if.c ****   *
 281:Src/usbd_cdc_if.c ****   *         @note
 282:Src/usbd_cdc_if.c ****   *         This function will block any OUT packet reception on USB endpoint
ARM GAS  /tmp/ccbUFeig.s 			page 7


 283:Src/usbd_cdc_if.c ****   *         untill exiting this function. If you exit this function before transfer
 284:Src/usbd_cdc_if.c ****   *         is complete on CDC interface (ie. using DMA controller) it will result
 285:Src/usbd_cdc_if.c ****   *         in receiving more data while previous ones are still not sent.
 286:Src/usbd_cdc_if.c ****   *
 287:Src/usbd_cdc_if.c ****   * @param  Buf: Buffer of data to be received
 288:Src/usbd_cdc_if.c ****   * @param  Len: Number of data received (in bytes)
 289:Src/usbd_cdc_if.c ****   * @retval Result of the operation: USBD_OK if all operations are OK else USBD_FAIL
 290:Src/usbd_cdc_if.c ****   */
 291:Src/usbd_cdc_if.c **** static int8_t CDC_Receive_FS(uint8_t* Buf, uint32_t *Len)
 292:Src/usbd_cdc_if.c **** {
  66              		.loc 1 292 0
  67              		.cfi_startproc
  68              		@ args = 0, pretend = 0, frame = 0
  69              		@ frame_needed = 0, uses_anonymous_args = 0
  70              	.LVL2:
  71 0000 10B5     		push	{r4, lr}
  72              	.LCFI0:
  73              		.cfi_def_cfa_offset 8
  74              		.cfi_offset 4, -8
  75              		.cfi_offset 14, -4
  76 0002 0146     		mov	r1, r0
  77              	.LVL3:
 293:Src/usbd_cdc_if.c ****   /* USER CODE BEGIN 6 */
 294:Src/usbd_cdc_if.c ****   USBD_CDC_SetRxBuffer(&hUsbDeviceFS, &Buf[0]);
  78              		.loc 1 294 0
  79 0004 044C     		ldr	r4, .L5
  80 0006 2046     		mov	r0, r4
  81              	.LVL4:
  82 0008 FFF7FEFF 		bl	USBD_CDC_SetRxBuffer
  83              	.LVL5:
 295:Src/usbd_cdc_if.c ****   USBD_CDC_ReceivePacket(&hUsbDeviceFS);
  84              		.loc 1 295 0
  85 000c 2046     		mov	r0, r4
  86 000e FFF7FEFF 		bl	USBD_CDC_ReceivePacket
  87              	.LVL6:
 296:Src/usbd_cdc_if.c ****   return (USBD_OK);
 297:Src/usbd_cdc_if.c ****   /* USER CODE END 6 */
 298:Src/usbd_cdc_if.c **** }
  88              		.loc 1 298 0
  89 0012 0020     		movs	r0, #0
  90 0014 10BD     		pop	{r4, pc}
  91              	.L6:
  92 0016 00BF     		.align	2
  93              	.L5:
  94 0018 00000000 		.word	hUsbDeviceFS
  95              		.cfi_endproc
  96              	.LFE126:
  98              		.section	.text.CDC_Init_FS,"ax",%progbits
  99              		.align	2
 100              		.thumb
 101              		.thumb_func
 103              	CDC_Init_FS:
 104              	.LFB123:
 184:Src/usbd_cdc_if.c ****   /* USER CODE BEGIN 3 */
 105              		.loc 1 184 0
 106              		.cfi_startproc
 107              		@ args = 0, pretend = 0, frame = 0
ARM GAS  /tmp/ccbUFeig.s 			page 8


 108              		@ frame_needed = 0, uses_anonymous_args = 0
 109 0000 10B5     		push	{r4, lr}
 110              	.LCFI1:
 111              		.cfi_def_cfa_offset 8
 112              		.cfi_offset 4, -8
 113              		.cfi_offset 14, -4
 187:Src/usbd_cdc_if.c ****   USBD_CDC_SetRxBuffer(&hUsbDeviceFS, UserRxBufferFS);
 114              		.loc 1 187 0
 115 0002 064C     		ldr	r4, .L9
 116 0004 2046     		mov	r0, r4
 117 0006 0649     		ldr	r1, .L9+4
 118 0008 0022     		movs	r2, #0
 119 000a FFF7FEFF 		bl	USBD_CDC_SetTxBuffer
 120              	.LVL7:
 188:Src/usbd_cdc_if.c ****   return (USBD_OK);
 121              		.loc 1 188 0
 122 000e 2046     		mov	r0, r4
 123 0010 0449     		ldr	r1, .L9+8
 124 0012 FFF7FEFF 		bl	USBD_CDC_SetRxBuffer
 125              	.LVL8:
 191:Src/usbd_cdc_if.c **** 
 126              		.loc 1 191 0
 127 0016 0020     		movs	r0, #0
 128 0018 10BD     		pop	{r4, pc}
 129              	.L10:
 130 001a 00BF     		.align	2
 131              	.L9:
 132 001c 00000000 		.word	hUsbDeviceFS
 133 0020 00000000 		.word	UserTxBufferFS
 134 0024 00000000 		.word	UserRxBufferFS
 135              		.cfi_endproc
 136              	.LFE123:
 138              		.section	.text.CDC_Transmit_FS,"ax",%progbits
 139              		.align	2
 140              		.global	CDC_Transmit_FS
 141              		.thumb
 142              		.thumb_func
 144              	CDC_Transmit_FS:
 145              	.LFB127:
 299:Src/usbd_cdc_if.c **** 
 300:Src/usbd_cdc_if.c **** /**
 301:Src/usbd_cdc_if.c ****   * @brief  CDC_Transmit_FS
 302:Src/usbd_cdc_if.c ****   *         Data to send over USB IN endpoint are sent over CDC interface
 303:Src/usbd_cdc_if.c ****   *         through this function.
 304:Src/usbd_cdc_if.c ****   *         @note
 305:Src/usbd_cdc_if.c ****   *
 306:Src/usbd_cdc_if.c ****   *
 307:Src/usbd_cdc_if.c ****   * @param  Buf: Buffer of data to be sent
 308:Src/usbd_cdc_if.c ****   * @param  Len: Number of data to be sent (in bytes)
 309:Src/usbd_cdc_if.c ****   * @retval USBD_OK if all operations are OK else USBD_FAIL or USBD_BUSY
 310:Src/usbd_cdc_if.c ****   */
 311:Src/usbd_cdc_if.c **** uint8_t CDC_Transmit_FS(uint8_t* Buf, uint16_t Len)
 312:Src/usbd_cdc_if.c **** {
 146              		.loc 1 312 0
 147              		.cfi_startproc
 148              		@ args = 0, pretend = 0, frame = 0
 149              		@ frame_needed = 0, uses_anonymous_args = 0
ARM GAS  /tmp/ccbUFeig.s 			page 9


 150              	.LVL9:
 313:Src/usbd_cdc_if.c ****   uint8_t result = USBD_OK;
 314:Src/usbd_cdc_if.c ****   /* USER CODE BEGIN 7 */
 315:Src/usbd_cdc_if.c ****   USBD_CDC_HandleTypeDef *hcdc = (USBD_CDC_HandleTypeDef*)hUsbDeviceFS.pClassData;
 151              		.loc 1 315 0
 152 0000 094B     		ldr	r3, .L16
 153 0002 D3F81832 		ldr	r3, [r3, #536]
 154              	.LVL10:
 316:Src/usbd_cdc_if.c ****   if (hcdc->TxState != 0){
 155              		.loc 1 316 0
 156 0006 D3F81432 		ldr	r3, [r3, #532]
 157              	.LVL11:
 158 000a 53B9     		cbnz	r3, .L13
 312:Src/usbd_cdc_if.c ****   uint8_t result = USBD_OK;
 159              		.loc 1 312 0
 160 000c 10B5     		push	{r4, lr}
 161              	.LCFI2:
 162              		.cfi_def_cfa_offset 8
 163              		.cfi_offset 4, -8
 164              		.cfi_offset 14, -4
 165 000e 0A46     		mov	r2, r1
 166 0010 0146     		mov	r1, r0
 167              	.LVL12:
 317:Src/usbd_cdc_if.c ****     return USBD_BUSY;
 318:Src/usbd_cdc_if.c ****   }
 319:Src/usbd_cdc_if.c ****   USBD_CDC_SetTxBuffer(&hUsbDeviceFS, Buf, Len);
 168              		.loc 1 319 0
 169 0012 054C     		ldr	r4, .L16
 170              	.LVL13:
 171 0014 2046     		mov	r0, r4
 172              	.LVL14:
 173 0016 FFF7FEFF 		bl	USBD_CDC_SetTxBuffer
 174              	.LVL15:
 320:Src/usbd_cdc_if.c ****   result = USBD_CDC_TransmitPacket(&hUsbDeviceFS);
 175              		.loc 1 320 0
 176 001a 2046     		mov	r0, r4
 177 001c FFF7FEFF 		bl	USBD_CDC_TransmitPacket
 178              	.LVL16:
 321:Src/usbd_cdc_if.c ****   /* USER CODE END 7 */
 322:Src/usbd_cdc_if.c ****   return result;
 179              		.loc 1 322 0
 180 0020 10BD     		pop	{r4, pc}
 181              	.LVL17:
 182              	.L13:
 183              	.LCFI3:
 184              		.cfi_def_cfa_offset 0
 185              		.cfi_restore 4
 186              		.cfi_restore 14
 317:Src/usbd_cdc_if.c ****   }
 187              		.loc 1 317 0
 188 0022 0120     		movs	r0, #1
 189              	.LVL18:
 190 0024 7047     		bx	lr
 191              	.L17:
 192 0026 00BF     		.align	2
 193              	.L16:
 194 0028 00000000 		.word	hUsbDeviceFS
ARM GAS  /tmp/ccbUFeig.s 			page 10


 195              		.cfi_endproc
 196              	.LFE127:
 198              		.global	USBD_Interface_fops_FS
 199              		.comm	UserTxBufferFS,2048,4
 200              		.comm	UserRxBufferFS,2048,4
 201              		.section	.data.USBD_Interface_fops_FS,"aw",%progbits
 202              		.align	2
 205              	USBD_Interface_fops_FS:
 206 0000 00000000 		.word	CDC_Init_FS
 207 0004 00000000 		.word	CDC_DeInit_FS
 208 0008 00000000 		.word	CDC_Control_FS
 209 000c 00000000 		.word	CDC_Receive_FS
 210              		.text
 211              	.Letext0:
 212              		.file 2 "/usr/include/newlib/machine/_default_types.h"
 213              		.file 3 "/usr/include/newlib/sys/_stdint.h"
 214              		.file 4 "Middlewares/ST/STM32_USB_Device_Library/Core/Inc/usbd_def.h"
 215              		.file 5 "Middlewares/ST/STM32_USB_Device_Library/Class/CDC/Inc/usbd_cdc.h"
 216              		.file 6 "Drivers/CMSIS/Include/core_cm4.h"
ARM GAS  /tmp/ccbUFeig.s 			page 11


DEFINED SYMBOLS
                            *ABS*:00000000 usbd_cdc_if.c
     /tmp/ccbUFeig.s:21     .text.CDC_DeInit_FS:00000000 $t
     /tmp/ccbUFeig.s:25     .text.CDC_DeInit_FS:00000000 CDC_DeInit_FS
     /tmp/ccbUFeig.s:40     .text.CDC_Control_FS:00000000 $t
     /tmp/ccbUFeig.s:44     .text.CDC_Control_FS:00000000 CDC_Control_FS
     /tmp/ccbUFeig.s:60     .text.CDC_Receive_FS:00000000 $t
     /tmp/ccbUFeig.s:64     .text.CDC_Receive_FS:00000000 CDC_Receive_FS
     /tmp/ccbUFeig.s:94     .text.CDC_Receive_FS:00000018 $d
     /tmp/ccbUFeig.s:99     .text.CDC_Init_FS:00000000 $t
     /tmp/ccbUFeig.s:103    .text.CDC_Init_FS:00000000 CDC_Init_FS
     /tmp/ccbUFeig.s:132    .text.CDC_Init_FS:0000001c $d
                            *COM*:00000800 UserTxBufferFS
                            *COM*:00000800 UserRxBufferFS
     /tmp/ccbUFeig.s:139    .text.CDC_Transmit_FS:00000000 $t
     /tmp/ccbUFeig.s:144    .text.CDC_Transmit_FS:00000000 CDC_Transmit_FS
     /tmp/ccbUFeig.s:194    .text.CDC_Transmit_FS:00000028 $d
     /tmp/ccbUFeig.s:205    .data.USBD_Interface_fops_FS:00000000 USBD_Interface_fops_FS
     /tmp/ccbUFeig.s:202    .data.USBD_Interface_fops_FS:00000000 $d
                     .debug_frame:00000010 $d

UNDEFINED SYMBOLS
USBD_CDC_SetRxBuffer
USBD_CDC_ReceivePacket
hUsbDeviceFS
USBD_CDC_SetTxBuffer
USBD_CDC_TransmitPacket
