ARM GAS  /tmp/cca2elgR.s 			page 1


   1              		.syntax unified
   2              		.cpu cortex-m4
   3              		.eabi_attribute 27, 1
   4              		.eabi_attribute 28, 1
   5              		.fpu fpv4-sp-d16
   6              		.eabi_attribute 20, 1
   7              		.eabi_attribute 21, 1
   8              		.eabi_attribute 23, 3
   9              		.eabi_attribute 24, 1
  10              		.eabi_attribute 25, 1
  11              		.eabi_attribute 26, 1
  12              		.eabi_attribute 30, 1
  13              		.eabi_attribute 34, 1
  14              		.eabi_attribute 18, 4
  15              		.thumb
  16              		.file	"usbd_core.c"
  17              		.text
  18              	.Ltext0:
  19              		.cfi_sections	.debug_frame
  20              		.section	.text.USBD_Init,"ax",%progbits
  21              		.align	2
  22              		.global	USBD_Init
  23              		.thumb
  24              		.thumb_func
  26              	USBD_Init:
  27              	.LFB123:
  28              		.file 1 "Middlewares/ST/STM32_USB_Device_Library/Core/Src/usbd_core.c"
   1:Middlewares/ST/STM32_USB_Device_Library/Core/Src/usbd_core.c **** /**
   2:Middlewares/ST/STM32_USB_Device_Library/Core/Src/usbd_core.c ****   ******************************************************************************
   3:Middlewares/ST/STM32_USB_Device_Library/Core/Src/usbd_core.c ****   * @file    usbd_core.c
   4:Middlewares/ST/STM32_USB_Device_Library/Core/Src/usbd_core.c ****   * @author  MCD Application Team
   5:Middlewares/ST/STM32_USB_Device_Library/Core/Src/usbd_core.c ****   * @version V2.4.2
   6:Middlewares/ST/STM32_USB_Device_Library/Core/Src/usbd_core.c ****   * @date    11-December-2015
   7:Middlewares/ST/STM32_USB_Device_Library/Core/Src/usbd_core.c ****   * @brief   This file provides all the USBD core functions.
   8:Middlewares/ST/STM32_USB_Device_Library/Core/Src/usbd_core.c ****   ******************************************************************************
   9:Middlewares/ST/STM32_USB_Device_Library/Core/Src/usbd_core.c ****   * @attention
  10:Middlewares/ST/STM32_USB_Device_Library/Core/Src/usbd_core.c ****   *
  11:Middlewares/ST/STM32_USB_Device_Library/Core/Src/usbd_core.c ****   * <h2><center>&copy; COPYRIGHT 2015 STMicroelectronics</center></h2>
  12:Middlewares/ST/STM32_USB_Device_Library/Core/Src/usbd_core.c ****   *
  13:Middlewares/ST/STM32_USB_Device_Library/Core/Src/usbd_core.c ****   * Licensed under MCD-ST Liberty SW License Agreement V2, (the "License");
  14:Middlewares/ST/STM32_USB_Device_Library/Core/Src/usbd_core.c ****   * You may not use this file except in compliance with the License.
  15:Middlewares/ST/STM32_USB_Device_Library/Core/Src/usbd_core.c ****   * You may obtain a copy of the License at:
  16:Middlewares/ST/STM32_USB_Device_Library/Core/Src/usbd_core.c ****   *
  17:Middlewares/ST/STM32_USB_Device_Library/Core/Src/usbd_core.c ****   *        http://www.st.com/software_license_agreement_liberty_v2
  18:Middlewares/ST/STM32_USB_Device_Library/Core/Src/usbd_core.c ****   *
  19:Middlewares/ST/STM32_USB_Device_Library/Core/Src/usbd_core.c ****   * Unless required by applicable law or agreed to in writing, software 
  20:Middlewares/ST/STM32_USB_Device_Library/Core/Src/usbd_core.c ****   * distributed under the License is distributed on an "AS IS" BASIS, 
  21:Middlewares/ST/STM32_USB_Device_Library/Core/Src/usbd_core.c ****   * WITHOUT WARRANTIES OR CONDITIONS OF ANY KIND, either express or implied.
  22:Middlewares/ST/STM32_USB_Device_Library/Core/Src/usbd_core.c ****   * See the License for the specific language governing permissions and
  23:Middlewares/ST/STM32_USB_Device_Library/Core/Src/usbd_core.c ****   * limitations under the License.
  24:Middlewares/ST/STM32_USB_Device_Library/Core/Src/usbd_core.c ****   *
  25:Middlewares/ST/STM32_USB_Device_Library/Core/Src/usbd_core.c ****   ******************************************************************************
  26:Middlewares/ST/STM32_USB_Device_Library/Core/Src/usbd_core.c ****   */ 
  27:Middlewares/ST/STM32_USB_Device_Library/Core/Src/usbd_core.c **** 
  28:Middlewares/ST/STM32_USB_Device_Library/Core/Src/usbd_core.c **** /* Includes ------------------------------------------------------------------*/
  29:Middlewares/ST/STM32_USB_Device_Library/Core/Src/usbd_core.c **** #include "usbd_core.h"
  30:Middlewares/ST/STM32_USB_Device_Library/Core/Src/usbd_core.c **** 
ARM GAS  /tmp/cca2elgR.s 			page 2


  31:Middlewares/ST/STM32_USB_Device_Library/Core/Src/usbd_core.c **** /** @addtogroup STM32_USBD_DEVICE_LIBRARY
  32:Middlewares/ST/STM32_USB_Device_Library/Core/Src/usbd_core.c **** * @{
  33:Middlewares/ST/STM32_USB_Device_Library/Core/Src/usbd_core.c **** */
  34:Middlewares/ST/STM32_USB_Device_Library/Core/Src/usbd_core.c **** 
  35:Middlewares/ST/STM32_USB_Device_Library/Core/Src/usbd_core.c **** 
  36:Middlewares/ST/STM32_USB_Device_Library/Core/Src/usbd_core.c **** /** @defgroup USBD_CORE 
  37:Middlewares/ST/STM32_USB_Device_Library/Core/Src/usbd_core.c **** * @brief usbd core module
  38:Middlewares/ST/STM32_USB_Device_Library/Core/Src/usbd_core.c **** * @{
  39:Middlewares/ST/STM32_USB_Device_Library/Core/Src/usbd_core.c **** */ 
  40:Middlewares/ST/STM32_USB_Device_Library/Core/Src/usbd_core.c **** 
  41:Middlewares/ST/STM32_USB_Device_Library/Core/Src/usbd_core.c **** /** @defgroup USBD_CORE_Private_TypesDefinitions
  42:Middlewares/ST/STM32_USB_Device_Library/Core/Src/usbd_core.c **** * @{
  43:Middlewares/ST/STM32_USB_Device_Library/Core/Src/usbd_core.c **** */ 
  44:Middlewares/ST/STM32_USB_Device_Library/Core/Src/usbd_core.c **** /**
  45:Middlewares/ST/STM32_USB_Device_Library/Core/Src/usbd_core.c **** * @}
  46:Middlewares/ST/STM32_USB_Device_Library/Core/Src/usbd_core.c **** */ 
  47:Middlewares/ST/STM32_USB_Device_Library/Core/Src/usbd_core.c **** 
  48:Middlewares/ST/STM32_USB_Device_Library/Core/Src/usbd_core.c **** 
  49:Middlewares/ST/STM32_USB_Device_Library/Core/Src/usbd_core.c **** /** @defgroup USBD_CORE_Private_Defines
  50:Middlewares/ST/STM32_USB_Device_Library/Core/Src/usbd_core.c **** * @{
  51:Middlewares/ST/STM32_USB_Device_Library/Core/Src/usbd_core.c **** */ 
  52:Middlewares/ST/STM32_USB_Device_Library/Core/Src/usbd_core.c **** 
  53:Middlewares/ST/STM32_USB_Device_Library/Core/Src/usbd_core.c **** /**
  54:Middlewares/ST/STM32_USB_Device_Library/Core/Src/usbd_core.c **** * @}
  55:Middlewares/ST/STM32_USB_Device_Library/Core/Src/usbd_core.c **** */ 
  56:Middlewares/ST/STM32_USB_Device_Library/Core/Src/usbd_core.c **** 
  57:Middlewares/ST/STM32_USB_Device_Library/Core/Src/usbd_core.c **** 
  58:Middlewares/ST/STM32_USB_Device_Library/Core/Src/usbd_core.c **** /** @defgroup USBD_CORE_Private_Macros
  59:Middlewares/ST/STM32_USB_Device_Library/Core/Src/usbd_core.c **** * @{
  60:Middlewares/ST/STM32_USB_Device_Library/Core/Src/usbd_core.c **** */ 
  61:Middlewares/ST/STM32_USB_Device_Library/Core/Src/usbd_core.c **** /**
  62:Middlewares/ST/STM32_USB_Device_Library/Core/Src/usbd_core.c **** * @}
  63:Middlewares/ST/STM32_USB_Device_Library/Core/Src/usbd_core.c **** */ 
  64:Middlewares/ST/STM32_USB_Device_Library/Core/Src/usbd_core.c **** 
  65:Middlewares/ST/STM32_USB_Device_Library/Core/Src/usbd_core.c **** 
  66:Middlewares/ST/STM32_USB_Device_Library/Core/Src/usbd_core.c **** 
  67:Middlewares/ST/STM32_USB_Device_Library/Core/Src/usbd_core.c **** 
  68:Middlewares/ST/STM32_USB_Device_Library/Core/Src/usbd_core.c **** /** @defgroup USBD_CORE_Private_FunctionPrototypes
  69:Middlewares/ST/STM32_USB_Device_Library/Core/Src/usbd_core.c **** * @{
  70:Middlewares/ST/STM32_USB_Device_Library/Core/Src/usbd_core.c **** */ 
  71:Middlewares/ST/STM32_USB_Device_Library/Core/Src/usbd_core.c **** 
  72:Middlewares/ST/STM32_USB_Device_Library/Core/Src/usbd_core.c **** /**
  73:Middlewares/ST/STM32_USB_Device_Library/Core/Src/usbd_core.c **** * @}
  74:Middlewares/ST/STM32_USB_Device_Library/Core/Src/usbd_core.c **** */ 
  75:Middlewares/ST/STM32_USB_Device_Library/Core/Src/usbd_core.c **** 
  76:Middlewares/ST/STM32_USB_Device_Library/Core/Src/usbd_core.c **** /** @defgroup USBD_CORE_Private_Variables
  77:Middlewares/ST/STM32_USB_Device_Library/Core/Src/usbd_core.c **** * @{
  78:Middlewares/ST/STM32_USB_Device_Library/Core/Src/usbd_core.c **** */ 
  79:Middlewares/ST/STM32_USB_Device_Library/Core/Src/usbd_core.c **** 
  80:Middlewares/ST/STM32_USB_Device_Library/Core/Src/usbd_core.c **** /**
  81:Middlewares/ST/STM32_USB_Device_Library/Core/Src/usbd_core.c **** * @}
  82:Middlewares/ST/STM32_USB_Device_Library/Core/Src/usbd_core.c **** */ 
  83:Middlewares/ST/STM32_USB_Device_Library/Core/Src/usbd_core.c **** 
  84:Middlewares/ST/STM32_USB_Device_Library/Core/Src/usbd_core.c **** /** @defgroup USBD_CORE_Private_Functions
  85:Middlewares/ST/STM32_USB_Device_Library/Core/Src/usbd_core.c **** * @{
  86:Middlewares/ST/STM32_USB_Device_Library/Core/Src/usbd_core.c **** */ 
  87:Middlewares/ST/STM32_USB_Device_Library/Core/Src/usbd_core.c **** 
ARM GAS  /tmp/cca2elgR.s 			page 3


  88:Middlewares/ST/STM32_USB_Device_Library/Core/Src/usbd_core.c **** /**
  89:Middlewares/ST/STM32_USB_Device_Library/Core/Src/usbd_core.c **** * @brief  USBD_Init
  90:Middlewares/ST/STM32_USB_Device_Library/Core/Src/usbd_core.c **** *         Initializes the device stack and load the class driver
  91:Middlewares/ST/STM32_USB_Device_Library/Core/Src/usbd_core.c **** * @param  pdev: device instance
  92:Middlewares/ST/STM32_USB_Device_Library/Core/Src/usbd_core.c **** * @param  pdesc: Descriptor structure address
  93:Middlewares/ST/STM32_USB_Device_Library/Core/Src/usbd_core.c **** * @param  id: Low level core index
  94:Middlewares/ST/STM32_USB_Device_Library/Core/Src/usbd_core.c **** * @retval None
  95:Middlewares/ST/STM32_USB_Device_Library/Core/Src/usbd_core.c **** */
  96:Middlewares/ST/STM32_USB_Device_Library/Core/Src/usbd_core.c **** USBD_StatusTypeDef USBD_Init(USBD_HandleTypeDef *pdev, USBD_DescriptorsTypeDef *pdesc, uint8_t id)
  97:Middlewares/ST/STM32_USB_Device_Library/Core/Src/usbd_core.c **** {
  29              		.loc 1 97 0
  30              		.cfi_startproc
  31              		@ args = 0, pretend = 0, frame = 0
  32              		@ frame_needed = 0, uses_anonymous_args = 0
  33              	.LVL0:
  98:Middlewares/ST/STM32_USB_Device_Library/Core/Src/usbd_core.c ****   /* Check whether the USB Host handle is valid */
  99:Middlewares/ST/STM32_USB_Device_Library/Core/Src/usbd_core.c ****   if(pdev == NULL)
  34              		.loc 1 99 0
  35 0000 98B1     		cbz	r0, .L5
  97:Middlewares/ST/STM32_USB_Device_Library/Core/Src/usbd_core.c ****   /* Check whether the USB Host handle is valid */
  36              		.loc 1 97 0
  37 0002 08B5     		push	{r3, lr}
  38              	.LCFI0:
  39              		.cfi_def_cfa_offset 8
  40              		.cfi_offset 3, -8
  41              		.cfi_offset 14, -4
  42 0004 0346     		mov	r3, r0
 100:Middlewares/ST/STM32_USB_Device_Library/Core/Src/usbd_core.c ****   {
 101:Middlewares/ST/STM32_USB_Device_Library/Core/Src/usbd_core.c ****     USBD_ErrLog("Invalid Device handle");
 102:Middlewares/ST/STM32_USB_Device_Library/Core/Src/usbd_core.c ****     return USBD_FAIL; 
 103:Middlewares/ST/STM32_USB_Device_Library/Core/Src/usbd_core.c ****   }
 104:Middlewares/ST/STM32_USB_Device_Library/Core/Src/usbd_core.c ****   
 105:Middlewares/ST/STM32_USB_Device_Library/Core/Src/usbd_core.c ****   /* Unlink previous class*/
 106:Middlewares/ST/STM32_USB_Device_Library/Core/Src/usbd_core.c ****   if(pdev->pClass != NULL)
  43              		.loc 1 106 0
  44 0006 D0F81402 		ldr	r0, [r0, #532]
  45              	.LVL1:
  46 000a 10B1     		cbz	r0, .L3
 107:Middlewares/ST/STM32_USB_Device_Library/Core/Src/usbd_core.c ****   {
 108:Middlewares/ST/STM32_USB_Device_Library/Core/Src/usbd_core.c ****     pdev->pClass = NULL;
  47              		.loc 1 108 0
  48 000c 0020     		movs	r0, #0
  49 000e C3F81402 		str	r0, [r3, #532]
  50              	.L3:
 109:Middlewares/ST/STM32_USB_Device_Library/Core/Src/usbd_core.c ****   }
 110:Middlewares/ST/STM32_USB_Device_Library/Core/Src/usbd_core.c ****   
 111:Middlewares/ST/STM32_USB_Device_Library/Core/Src/usbd_core.c ****   /* Assign USBD Descriptors */
 112:Middlewares/ST/STM32_USB_Device_Library/Core/Src/usbd_core.c ****   if(pdesc != NULL)
  51              		.loc 1 112 0
  52 0012 09B1     		cbz	r1, .L4
 113:Middlewares/ST/STM32_USB_Device_Library/Core/Src/usbd_core.c ****   {
 114:Middlewares/ST/STM32_USB_Device_Library/Core/Src/usbd_core.c ****     pdev->pDesc = pdesc;
  53              		.loc 1 114 0
  54 0014 C3F81012 		str	r1, [r3, #528]
  55              	.L4:
 115:Middlewares/ST/STM32_USB_Device_Library/Core/Src/usbd_core.c ****   }
 116:Middlewares/ST/STM32_USB_Device_Library/Core/Src/usbd_core.c ****   
ARM GAS  /tmp/cca2elgR.s 			page 4


 117:Middlewares/ST/STM32_USB_Device_Library/Core/Src/usbd_core.c ****   /* Set Device initial State */
 118:Middlewares/ST/STM32_USB_Device_Library/Core/Src/usbd_core.c ****   pdev->dev_state  = USBD_STATE_DEFAULT;
  56              		.loc 1 118 0
  57 0018 0121     		movs	r1, #1
  58              	.LVL2:
  59 001a 83F8FC11 		strb	r1, [r3, #508]
 119:Middlewares/ST/STM32_USB_Device_Library/Core/Src/usbd_core.c ****   pdev->id = id;
  60              		.loc 1 119 0
  61 001e 1A70     		strb	r2, [r3]
 120:Middlewares/ST/STM32_USB_Device_Library/Core/Src/usbd_core.c ****   /* Initialize low level driver */
 121:Middlewares/ST/STM32_USB_Device_Library/Core/Src/usbd_core.c ****   USBD_LL_Init(pdev);
  62              		.loc 1 121 0
  63 0020 1846     		mov	r0, r3
  64 0022 FFF7FEFF 		bl	USBD_LL_Init
  65              	.LVL3:
 122:Middlewares/ST/STM32_USB_Device_Library/Core/Src/usbd_core.c ****   
 123:Middlewares/ST/STM32_USB_Device_Library/Core/Src/usbd_core.c ****   return USBD_OK; 
  66              		.loc 1 123 0
  67 0026 0020     		movs	r0, #0
  68 0028 08BD     		pop	{r3, pc}
  69              	.LVL4:
  70              	.L5:
  71              	.LCFI1:
  72              		.cfi_def_cfa_offset 0
  73              		.cfi_restore 3
  74              		.cfi_restore 14
 102:Middlewares/ST/STM32_USB_Device_Library/Core/Src/usbd_core.c ****   }
  75              		.loc 1 102 0
  76 002a 0220     		movs	r0, #2
  77              	.LVL5:
  78 002c 7047     		bx	lr
  79              		.cfi_endproc
  80              	.LFE123:
  82 002e 00BF     		.section	.text.USBD_DeInit,"ax",%progbits
  83              		.align	2
  84              		.global	USBD_DeInit
  85              		.thumb
  86              		.thumb_func
  88              	USBD_DeInit:
  89              	.LFB124:
 124:Middlewares/ST/STM32_USB_Device_Library/Core/Src/usbd_core.c **** }
 125:Middlewares/ST/STM32_USB_Device_Library/Core/Src/usbd_core.c **** 
 126:Middlewares/ST/STM32_USB_Device_Library/Core/Src/usbd_core.c **** /**
 127:Middlewares/ST/STM32_USB_Device_Library/Core/Src/usbd_core.c **** * @brief  USBD_DeInit 
 128:Middlewares/ST/STM32_USB_Device_Library/Core/Src/usbd_core.c **** *         Re-Initialize th device library
 129:Middlewares/ST/STM32_USB_Device_Library/Core/Src/usbd_core.c **** * @param  pdev: device instance
 130:Middlewares/ST/STM32_USB_Device_Library/Core/Src/usbd_core.c **** * @retval status: status
 131:Middlewares/ST/STM32_USB_Device_Library/Core/Src/usbd_core.c **** */
 132:Middlewares/ST/STM32_USB_Device_Library/Core/Src/usbd_core.c **** USBD_StatusTypeDef USBD_DeInit(USBD_HandleTypeDef *pdev)
 133:Middlewares/ST/STM32_USB_Device_Library/Core/Src/usbd_core.c **** {
  90              		.loc 1 133 0
  91              		.cfi_startproc
  92              		@ args = 0, pretend = 0, frame = 0
  93              		@ frame_needed = 0, uses_anonymous_args = 0
  94              	.LVL6:
  95 0000 10B5     		push	{r4, lr}
  96              	.LCFI2:
ARM GAS  /tmp/cca2elgR.s 			page 5


  97              		.cfi_def_cfa_offset 8
  98              		.cfi_offset 4, -8
  99              		.cfi_offset 14, -4
 100 0002 0446     		mov	r4, r0
 134:Middlewares/ST/STM32_USB_Device_Library/Core/Src/usbd_core.c ****   /* Set Default State */
 135:Middlewares/ST/STM32_USB_Device_Library/Core/Src/usbd_core.c ****   pdev->dev_state  = USBD_STATE_DEFAULT;
 101              		.loc 1 135 0
 102 0004 0123     		movs	r3, #1
 103 0006 80F8FC31 		strb	r3, [r0, #508]
 136:Middlewares/ST/STM32_USB_Device_Library/Core/Src/usbd_core.c ****   
 137:Middlewares/ST/STM32_USB_Device_Library/Core/Src/usbd_core.c ****   /* Free Class Resources */
 138:Middlewares/ST/STM32_USB_Device_Library/Core/Src/usbd_core.c ****   pdev->pClass->DeInit(pdev, pdev->dev_config);  
 104              		.loc 1 138 0
 105 000a D0F81432 		ldr	r3, [r0, #532]
 106 000e 5B68     		ldr	r3, [r3, #4]
 107 0010 0179     		ldrb	r1, [r0, #4]	@ zero_extendqisi2
 108 0012 9847     		blx	r3
 109              	.LVL7:
 139:Middlewares/ST/STM32_USB_Device_Library/Core/Src/usbd_core.c ****   
 140:Middlewares/ST/STM32_USB_Device_Library/Core/Src/usbd_core.c ****     /* Stop the low level driver  */
 141:Middlewares/ST/STM32_USB_Device_Library/Core/Src/usbd_core.c ****   USBD_LL_Stop(pdev); 
 110              		.loc 1 141 0
 111 0014 2046     		mov	r0, r4
 112 0016 FFF7FEFF 		bl	USBD_LL_Stop
 113              	.LVL8:
 142:Middlewares/ST/STM32_USB_Device_Library/Core/Src/usbd_core.c ****   
 143:Middlewares/ST/STM32_USB_Device_Library/Core/Src/usbd_core.c ****   /* Initialize low level driver */
 144:Middlewares/ST/STM32_USB_Device_Library/Core/Src/usbd_core.c ****   USBD_LL_DeInit(pdev);
 114              		.loc 1 144 0
 115 001a 2046     		mov	r0, r4
 116 001c FFF7FEFF 		bl	USBD_LL_DeInit
 117              	.LVL9:
 145:Middlewares/ST/STM32_USB_Device_Library/Core/Src/usbd_core.c ****   
 146:Middlewares/ST/STM32_USB_Device_Library/Core/Src/usbd_core.c ****   return USBD_OK;
 147:Middlewares/ST/STM32_USB_Device_Library/Core/Src/usbd_core.c **** }
 118              		.loc 1 147 0
 119 0020 0020     		movs	r0, #0
 120 0022 10BD     		pop	{r4, pc}
 121              		.cfi_endproc
 122              	.LFE124:
 124              		.section	.text.USBD_RegisterClass,"ax",%progbits
 125              		.align	2
 126              		.global	USBD_RegisterClass
 127              		.thumb
 128              		.thumb_func
 130              	USBD_RegisterClass:
 131              	.LFB125:
 148:Middlewares/ST/STM32_USB_Device_Library/Core/Src/usbd_core.c **** 
 149:Middlewares/ST/STM32_USB_Device_Library/Core/Src/usbd_core.c **** 
 150:Middlewares/ST/STM32_USB_Device_Library/Core/Src/usbd_core.c **** /**
 151:Middlewares/ST/STM32_USB_Device_Library/Core/Src/usbd_core.c ****   * @brief  USBD_RegisterClass 
 152:Middlewares/ST/STM32_USB_Device_Library/Core/Src/usbd_core.c ****   *         Link class driver to Device Core.
 153:Middlewares/ST/STM32_USB_Device_Library/Core/Src/usbd_core.c ****   * @param  pDevice : Device Handle
 154:Middlewares/ST/STM32_USB_Device_Library/Core/Src/usbd_core.c ****   * @param  pclass: Class handle
 155:Middlewares/ST/STM32_USB_Device_Library/Core/Src/usbd_core.c ****   * @retval USBD Status
 156:Middlewares/ST/STM32_USB_Device_Library/Core/Src/usbd_core.c ****   */
 157:Middlewares/ST/STM32_USB_Device_Library/Core/Src/usbd_core.c **** USBD_StatusTypeDef  USBD_RegisterClass(USBD_HandleTypeDef *pdev, USBD_ClassTypeDef *pclass)
ARM GAS  /tmp/cca2elgR.s 			page 6


 158:Middlewares/ST/STM32_USB_Device_Library/Core/Src/usbd_core.c **** {
 132              		.loc 1 158 0
 133              		.cfi_startproc
 134              		@ args = 0, pretend = 0, frame = 0
 135              		@ frame_needed = 0, uses_anonymous_args = 0
 136              		@ link register save eliminated.
 137              	.LVL10:
 159:Middlewares/ST/STM32_USB_Device_Library/Core/Src/usbd_core.c ****   USBD_StatusTypeDef   status = USBD_OK;
 160:Middlewares/ST/STM32_USB_Device_Library/Core/Src/usbd_core.c ****   if(pclass != 0)
 138              		.loc 1 160 0
 139 0000 19B1     		cbz	r1, .L12
 161:Middlewares/ST/STM32_USB_Device_Library/Core/Src/usbd_core.c ****   {
 162:Middlewares/ST/STM32_USB_Device_Library/Core/Src/usbd_core.c ****     /* link the class to the USB Device handle */
 163:Middlewares/ST/STM32_USB_Device_Library/Core/Src/usbd_core.c ****     pdev->pClass = pclass;
 140              		.loc 1 163 0
 141 0002 C0F81412 		str	r1, [r0, #532]
 164:Middlewares/ST/STM32_USB_Device_Library/Core/Src/usbd_core.c ****     status = USBD_OK;
 142              		.loc 1 164 0
 143 0006 0020     		movs	r0, #0
 144              	.LVL11:
 145 0008 7047     		bx	lr
 146              	.LVL12:
 147              	.L12:
 165:Middlewares/ST/STM32_USB_Device_Library/Core/Src/usbd_core.c ****   }
 166:Middlewares/ST/STM32_USB_Device_Library/Core/Src/usbd_core.c ****   else
 167:Middlewares/ST/STM32_USB_Device_Library/Core/Src/usbd_core.c ****   {
 168:Middlewares/ST/STM32_USB_Device_Library/Core/Src/usbd_core.c ****     USBD_ErrLog("Invalid Class handle");
 169:Middlewares/ST/STM32_USB_Device_Library/Core/Src/usbd_core.c ****     status = USBD_FAIL; 
 148              		.loc 1 169 0
 149 000a 0220     		movs	r0, #2
 150              	.LVL13:
 170:Middlewares/ST/STM32_USB_Device_Library/Core/Src/usbd_core.c ****   }
 171:Middlewares/ST/STM32_USB_Device_Library/Core/Src/usbd_core.c ****   
 172:Middlewares/ST/STM32_USB_Device_Library/Core/Src/usbd_core.c ****   return status;
 173:Middlewares/ST/STM32_USB_Device_Library/Core/Src/usbd_core.c **** }
 151              		.loc 1 173 0
 152 000c 7047     		bx	lr
 153              		.cfi_endproc
 154              	.LFE125:
 156 000e 00BF     		.section	.text.USBD_Start,"ax",%progbits
 157              		.align	2
 158              		.global	USBD_Start
 159              		.thumb
 160              		.thumb_func
 162              	USBD_Start:
 163              	.LFB126:
 174:Middlewares/ST/STM32_USB_Device_Library/Core/Src/usbd_core.c **** 
 175:Middlewares/ST/STM32_USB_Device_Library/Core/Src/usbd_core.c **** /**
 176:Middlewares/ST/STM32_USB_Device_Library/Core/Src/usbd_core.c ****   * @brief  USBD_Start 
 177:Middlewares/ST/STM32_USB_Device_Library/Core/Src/usbd_core.c ****   *         Start the USB Device Core.
 178:Middlewares/ST/STM32_USB_Device_Library/Core/Src/usbd_core.c ****   * @param  pdev: Device Handle
 179:Middlewares/ST/STM32_USB_Device_Library/Core/Src/usbd_core.c ****   * @retval USBD Status
 180:Middlewares/ST/STM32_USB_Device_Library/Core/Src/usbd_core.c ****   */
 181:Middlewares/ST/STM32_USB_Device_Library/Core/Src/usbd_core.c **** USBD_StatusTypeDef  USBD_Start  (USBD_HandleTypeDef *pdev)
 182:Middlewares/ST/STM32_USB_Device_Library/Core/Src/usbd_core.c **** {
 164              		.loc 1 182 0
 165              		.cfi_startproc
ARM GAS  /tmp/cca2elgR.s 			page 7


 166              		@ args = 0, pretend = 0, frame = 0
 167              		@ frame_needed = 0, uses_anonymous_args = 0
 168              	.LVL14:
 169 0000 08B5     		push	{r3, lr}
 170              	.LCFI3:
 171              		.cfi_def_cfa_offset 8
 172              		.cfi_offset 3, -8
 173              		.cfi_offset 14, -4
 183:Middlewares/ST/STM32_USB_Device_Library/Core/Src/usbd_core.c ****   
 184:Middlewares/ST/STM32_USB_Device_Library/Core/Src/usbd_core.c ****   /* Start the low level driver  */
 185:Middlewares/ST/STM32_USB_Device_Library/Core/Src/usbd_core.c ****   USBD_LL_Start(pdev); 
 174              		.loc 1 185 0
 175 0002 FFF7FEFF 		bl	USBD_LL_Start
 176              	.LVL15:
 186:Middlewares/ST/STM32_USB_Device_Library/Core/Src/usbd_core.c ****   
 187:Middlewares/ST/STM32_USB_Device_Library/Core/Src/usbd_core.c ****   return USBD_OK;  
 188:Middlewares/ST/STM32_USB_Device_Library/Core/Src/usbd_core.c **** }
 177              		.loc 1 188 0
 178 0006 0020     		movs	r0, #0
 179 0008 08BD     		pop	{r3, pc}
 180              		.cfi_endproc
 181              	.LFE126:
 183 000a 00BF     		.section	.text.USBD_Stop,"ax",%progbits
 184              		.align	2
 185              		.global	USBD_Stop
 186              		.thumb
 187              		.thumb_func
 189              	USBD_Stop:
 190              	.LFB127:
 189:Middlewares/ST/STM32_USB_Device_Library/Core/Src/usbd_core.c **** 
 190:Middlewares/ST/STM32_USB_Device_Library/Core/Src/usbd_core.c **** /**
 191:Middlewares/ST/STM32_USB_Device_Library/Core/Src/usbd_core.c ****   * @brief  USBD_Stop 
 192:Middlewares/ST/STM32_USB_Device_Library/Core/Src/usbd_core.c ****   *         Stop the USB Device Core.
 193:Middlewares/ST/STM32_USB_Device_Library/Core/Src/usbd_core.c ****   * @param  pdev: Device Handle
 194:Middlewares/ST/STM32_USB_Device_Library/Core/Src/usbd_core.c ****   * @retval USBD Status
 195:Middlewares/ST/STM32_USB_Device_Library/Core/Src/usbd_core.c ****   */
 196:Middlewares/ST/STM32_USB_Device_Library/Core/Src/usbd_core.c **** USBD_StatusTypeDef  USBD_Stop   (USBD_HandleTypeDef *pdev)
 197:Middlewares/ST/STM32_USB_Device_Library/Core/Src/usbd_core.c **** {
 191              		.loc 1 197 0
 192              		.cfi_startproc
 193              		@ args = 0, pretend = 0, frame = 0
 194              		@ frame_needed = 0, uses_anonymous_args = 0
 195              	.LVL16:
 196 0000 10B5     		push	{r4, lr}
 197              	.LCFI4:
 198              		.cfi_def_cfa_offset 8
 199              		.cfi_offset 4, -8
 200              		.cfi_offset 14, -4
 201 0002 0446     		mov	r4, r0
 198:Middlewares/ST/STM32_USB_Device_Library/Core/Src/usbd_core.c ****   /* Free Class Resources */
 199:Middlewares/ST/STM32_USB_Device_Library/Core/Src/usbd_core.c ****   pdev->pClass->DeInit(pdev, pdev->dev_config);  
 202              		.loc 1 199 0
 203 0004 D0F81432 		ldr	r3, [r0, #532]
 204 0008 5B68     		ldr	r3, [r3, #4]
 205 000a 0179     		ldrb	r1, [r0, #4]	@ zero_extendqisi2
 206 000c 9847     		blx	r3
 207              	.LVL17:
ARM GAS  /tmp/cca2elgR.s 			page 8


 200:Middlewares/ST/STM32_USB_Device_Library/Core/Src/usbd_core.c **** 
 201:Middlewares/ST/STM32_USB_Device_Library/Core/Src/usbd_core.c ****   /* Stop the low level driver  */
 202:Middlewares/ST/STM32_USB_Device_Library/Core/Src/usbd_core.c ****   USBD_LL_Stop(pdev); 
 208              		.loc 1 202 0
 209 000e 2046     		mov	r0, r4
 210 0010 FFF7FEFF 		bl	USBD_LL_Stop
 211              	.LVL18:
 203:Middlewares/ST/STM32_USB_Device_Library/Core/Src/usbd_core.c ****   
 204:Middlewares/ST/STM32_USB_Device_Library/Core/Src/usbd_core.c ****   return USBD_OK;  
 205:Middlewares/ST/STM32_USB_Device_Library/Core/Src/usbd_core.c **** }
 212              		.loc 1 205 0
 213 0014 0020     		movs	r0, #0
 214 0016 10BD     		pop	{r4, pc}
 215              		.cfi_endproc
 216              	.LFE127:
 218              		.section	.text.USBD_RunTestMode,"ax",%progbits
 219              		.align	2
 220              		.global	USBD_RunTestMode
 221              		.thumb
 222              		.thumb_func
 224              	USBD_RunTestMode:
 225              	.LFB128:
 206:Middlewares/ST/STM32_USB_Device_Library/Core/Src/usbd_core.c **** 
 207:Middlewares/ST/STM32_USB_Device_Library/Core/Src/usbd_core.c **** /**
 208:Middlewares/ST/STM32_USB_Device_Library/Core/Src/usbd_core.c **** * @brief  USBD_RunTestMode 
 209:Middlewares/ST/STM32_USB_Device_Library/Core/Src/usbd_core.c **** *         Launch test mode process
 210:Middlewares/ST/STM32_USB_Device_Library/Core/Src/usbd_core.c **** * @param  pdev: device instance
 211:Middlewares/ST/STM32_USB_Device_Library/Core/Src/usbd_core.c **** * @retval status
 212:Middlewares/ST/STM32_USB_Device_Library/Core/Src/usbd_core.c **** */
 213:Middlewares/ST/STM32_USB_Device_Library/Core/Src/usbd_core.c **** USBD_StatusTypeDef  USBD_RunTestMode (USBD_HandleTypeDef  *pdev) 
 214:Middlewares/ST/STM32_USB_Device_Library/Core/Src/usbd_core.c **** {
 226              		.loc 1 214 0
 227              		.cfi_startproc
 228              		@ args = 0, pretend = 0, frame = 0
 229              		@ frame_needed = 0, uses_anonymous_args = 0
 230              		@ link register save eliminated.
 231              	.LVL19:
 215:Middlewares/ST/STM32_USB_Device_Library/Core/Src/usbd_core.c ****   return USBD_OK;
 216:Middlewares/ST/STM32_USB_Device_Library/Core/Src/usbd_core.c **** }
 232              		.loc 1 216 0
 233 0000 0020     		movs	r0, #0
 234              	.LVL20:
 235 0002 7047     		bx	lr
 236              		.cfi_endproc
 237              	.LFE128:
 239              		.section	.text.USBD_SetClassConfig,"ax",%progbits
 240              		.align	2
 241              		.global	USBD_SetClassConfig
 242              		.thumb
 243              		.thumb_func
 245              	USBD_SetClassConfig:
 246              	.LFB129:
 217:Middlewares/ST/STM32_USB_Device_Library/Core/Src/usbd_core.c **** 
 218:Middlewares/ST/STM32_USB_Device_Library/Core/Src/usbd_core.c **** 
 219:Middlewares/ST/STM32_USB_Device_Library/Core/Src/usbd_core.c **** /**
 220:Middlewares/ST/STM32_USB_Device_Library/Core/Src/usbd_core.c **** * @brief  USBD_SetClassConfig 
 221:Middlewares/ST/STM32_USB_Device_Library/Core/Src/usbd_core.c **** *        Configure device and start the interface
ARM GAS  /tmp/cca2elgR.s 			page 9


 222:Middlewares/ST/STM32_USB_Device_Library/Core/Src/usbd_core.c **** * @param  pdev: device instance
 223:Middlewares/ST/STM32_USB_Device_Library/Core/Src/usbd_core.c **** * @param  cfgidx: configuration index
 224:Middlewares/ST/STM32_USB_Device_Library/Core/Src/usbd_core.c **** * @retval status
 225:Middlewares/ST/STM32_USB_Device_Library/Core/Src/usbd_core.c **** */
 226:Middlewares/ST/STM32_USB_Device_Library/Core/Src/usbd_core.c **** 
 227:Middlewares/ST/STM32_USB_Device_Library/Core/Src/usbd_core.c **** USBD_StatusTypeDef USBD_SetClassConfig(USBD_HandleTypeDef  *pdev, uint8_t cfgidx)
 228:Middlewares/ST/STM32_USB_Device_Library/Core/Src/usbd_core.c **** {
 247              		.loc 1 228 0
 248              		.cfi_startproc
 249              		@ args = 0, pretend = 0, frame = 0
 250              		@ frame_needed = 0, uses_anonymous_args = 0
 251              	.LVL21:
 252 0000 08B5     		push	{r3, lr}
 253              	.LCFI5:
 254              		.cfi_def_cfa_offset 8
 255              		.cfi_offset 3, -8
 256              		.cfi_offset 14, -4
 257              	.LVL22:
 229:Middlewares/ST/STM32_USB_Device_Library/Core/Src/usbd_core.c ****   USBD_StatusTypeDef   ret = USBD_FAIL;
 230:Middlewares/ST/STM32_USB_Device_Library/Core/Src/usbd_core.c ****   
 231:Middlewares/ST/STM32_USB_Device_Library/Core/Src/usbd_core.c ****   if(pdev->pClass != NULL)
 258              		.loc 1 231 0
 259 0002 D0F81432 		ldr	r3, [r0, #532]
 260 0006 23B1     		cbz	r3, .L20
 232:Middlewares/ST/STM32_USB_Device_Library/Core/Src/usbd_core.c ****   {
 233:Middlewares/ST/STM32_USB_Device_Library/Core/Src/usbd_core.c ****     /* Set configuration  and Start the Class*/
 234:Middlewares/ST/STM32_USB_Device_Library/Core/Src/usbd_core.c ****     if(pdev->pClass->Init(pdev, cfgidx) == 0)
 261              		.loc 1 234 0
 262 0008 1B68     		ldr	r3, [r3]
 263 000a 9847     		blx	r3
 264              	.LVL23:
 265 000c 18B1     		cbz	r0, .L21
 229:Middlewares/ST/STM32_USB_Device_Library/Core/Src/usbd_core.c ****   USBD_StatusTypeDef   ret = USBD_FAIL;
 266              		.loc 1 229 0
 267 000e 0220     		movs	r0, #2
 268 0010 08BD     		pop	{r3, pc}
 269              	.LVL24:
 270              	.L20:
 271 0012 0220     		movs	r0, #2
 272              	.LVL25:
 273 0014 08BD     		pop	{r3, pc}
 274              	.LVL26:
 275              	.L21:
 235:Middlewares/ST/STM32_USB_Device_Library/Core/Src/usbd_core.c ****     {
 236:Middlewares/ST/STM32_USB_Device_Library/Core/Src/usbd_core.c ****       ret = USBD_OK;
 276              		.loc 1 236 0
 277 0016 0020     		movs	r0, #0
 278              	.LVL27:
 237:Middlewares/ST/STM32_USB_Device_Library/Core/Src/usbd_core.c ****     }
 238:Middlewares/ST/STM32_USB_Device_Library/Core/Src/usbd_core.c ****   }
 239:Middlewares/ST/STM32_USB_Device_Library/Core/Src/usbd_core.c ****   return ret; 
 240:Middlewares/ST/STM32_USB_Device_Library/Core/Src/usbd_core.c **** }
 279              		.loc 1 240 0
 280 0018 08BD     		pop	{r3, pc}
 281              		.cfi_endproc
 282              	.LFE129:
 284 001a 00BF     		.section	.text.USBD_ClrClassConfig,"ax",%progbits
ARM GAS  /tmp/cca2elgR.s 			page 10


 285              		.align	2
 286              		.global	USBD_ClrClassConfig
 287              		.thumb
 288              		.thumb_func
 290              	USBD_ClrClassConfig:
 291              	.LFB130:
 241:Middlewares/ST/STM32_USB_Device_Library/Core/Src/usbd_core.c **** 
 242:Middlewares/ST/STM32_USB_Device_Library/Core/Src/usbd_core.c **** /**
 243:Middlewares/ST/STM32_USB_Device_Library/Core/Src/usbd_core.c **** * @brief  USBD_ClrClassConfig 
 244:Middlewares/ST/STM32_USB_Device_Library/Core/Src/usbd_core.c **** *         Clear current configuration
 245:Middlewares/ST/STM32_USB_Device_Library/Core/Src/usbd_core.c **** * @param  pdev: device instance
 246:Middlewares/ST/STM32_USB_Device_Library/Core/Src/usbd_core.c **** * @param  cfgidx: configuration index
 247:Middlewares/ST/STM32_USB_Device_Library/Core/Src/usbd_core.c **** * @retval status: USBD_StatusTypeDef
 248:Middlewares/ST/STM32_USB_Device_Library/Core/Src/usbd_core.c **** */
 249:Middlewares/ST/STM32_USB_Device_Library/Core/Src/usbd_core.c **** USBD_StatusTypeDef USBD_ClrClassConfig(USBD_HandleTypeDef  *pdev, uint8_t cfgidx)
 250:Middlewares/ST/STM32_USB_Device_Library/Core/Src/usbd_core.c **** {
 292              		.loc 1 250 0
 293              		.cfi_startproc
 294              		@ args = 0, pretend = 0, frame = 0
 295              		@ frame_needed = 0, uses_anonymous_args = 0
 296              	.LVL28:
 297 0000 08B5     		push	{r3, lr}
 298              	.LCFI6:
 299              		.cfi_def_cfa_offset 8
 300              		.cfi_offset 3, -8
 301              		.cfi_offset 14, -4
 251:Middlewares/ST/STM32_USB_Device_Library/Core/Src/usbd_core.c ****   /* Clear configuration  and De-initialize the Class process*/
 252:Middlewares/ST/STM32_USB_Device_Library/Core/Src/usbd_core.c ****   pdev->pClass->DeInit(pdev, cfgidx);  
 302              		.loc 1 252 0
 303 0002 D0F81432 		ldr	r3, [r0, #532]
 304 0006 5B68     		ldr	r3, [r3, #4]
 305 0008 9847     		blx	r3
 306              	.LVL29:
 253:Middlewares/ST/STM32_USB_Device_Library/Core/Src/usbd_core.c ****   return USBD_OK;
 254:Middlewares/ST/STM32_USB_Device_Library/Core/Src/usbd_core.c **** }
 307              		.loc 1 254 0
 308 000a 0020     		movs	r0, #0
 309 000c 08BD     		pop	{r3, pc}
 310              		.cfi_endproc
 311              	.LFE130:
 313 000e 00BF     		.section	.text.USBD_LL_SetupStage,"ax",%progbits
 314              		.align	2
 315              		.global	USBD_LL_SetupStage
 316              		.thumb
 317              		.thumb_func
 319              	USBD_LL_SetupStage:
 320              	.LFB131:
 255:Middlewares/ST/STM32_USB_Device_Library/Core/Src/usbd_core.c **** 
 256:Middlewares/ST/STM32_USB_Device_Library/Core/Src/usbd_core.c **** 
 257:Middlewares/ST/STM32_USB_Device_Library/Core/Src/usbd_core.c **** /**
 258:Middlewares/ST/STM32_USB_Device_Library/Core/Src/usbd_core.c **** * @brief  USBD_SetupStage 
 259:Middlewares/ST/STM32_USB_Device_Library/Core/Src/usbd_core.c **** *         Handle the setup stage
 260:Middlewares/ST/STM32_USB_Device_Library/Core/Src/usbd_core.c **** * @param  pdev: device instance
 261:Middlewares/ST/STM32_USB_Device_Library/Core/Src/usbd_core.c **** * @retval status
 262:Middlewares/ST/STM32_USB_Device_Library/Core/Src/usbd_core.c **** */
 263:Middlewares/ST/STM32_USB_Device_Library/Core/Src/usbd_core.c **** USBD_StatusTypeDef USBD_LL_SetupStage(USBD_HandleTypeDef *pdev, uint8_t *psetup)
 264:Middlewares/ST/STM32_USB_Device_Library/Core/Src/usbd_core.c **** {
ARM GAS  /tmp/cca2elgR.s 			page 11


 321              		.loc 1 264 0
 322              		.cfi_startproc
 323              		@ args = 0, pretend = 0, frame = 0
 324              		@ frame_needed = 0, uses_anonymous_args = 0
 325              	.LVL30:
 326 0000 38B5     		push	{r3, r4, r5, lr}
 327              	.LCFI7:
 328              		.cfi_def_cfa_offset 16
 329              		.cfi_offset 3, -16
 330              		.cfi_offset 4, -12
 331              		.cfi_offset 5, -8
 332              		.cfi_offset 14, -4
 333 0002 0446     		mov	r4, r0
 265:Middlewares/ST/STM32_USB_Device_Library/Core/Src/usbd_core.c **** 
 266:Middlewares/ST/STM32_USB_Device_Library/Core/Src/usbd_core.c ****   USBD_ParseSetupRequest(&pdev->request, psetup);
 334              		.loc 1 266 0
 335 0004 00F50275 		add	r5, r0, #520
 336 0008 2846     		mov	r0, r5
 337              	.LVL31:
 338 000a FFF7FEFF 		bl	USBD_ParseSetupRequest
 339              	.LVL32:
 267:Middlewares/ST/STM32_USB_Device_Library/Core/Src/usbd_core.c ****   
 268:Middlewares/ST/STM32_USB_Device_Library/Core/Src/usbd_core.c ****   pdev->ep0_state = USBD_EP0_SETUP;
 340              		.loc 1 268 0
 341 000e 0123     		movs	r3, #1
 342 0010 C4F8F431 		str	r3, [r4, #500]
 269:Middlewares/ST/STM32_USB_Device_Library/Core/Src/usbd_core.c ****   pdev->ep0_data_len = pdev->request.wLength;
 343              		.loc 1 269 0
 344 0014 B4F80E32 		ldrh	r3, [r4, #526]
 345 0018 C4F8F831 		str	r3, [r4, #504]
 270:Middlewares/ST/STM32_USB_Device_Library/Core/Src/usbd_core.c ****   
 271:Middlewares/ST/STM32_USB_Device_Library/Core/Src/usbd_core.c ****   switch (pdev->request.bmRequest & 0x1F) 
 346              		.loc 1 271 0
 347 001c 94F80812 		ldrb	r1, [r4, #520]	@ zero_extendqisi2
 348 0020 01F01F03 		and	r3, r1, #31
 349 0024 012B     		cmp	r3, #1
 350 0026 08D0     		beq	.L27
 351 0028 13B1     		cbz	r3, .L28
 352 002a 022B     		cmp	r3, #2
 353 002c 0AD0     		beq	.L29
 354 002e 0EE0     		b	.L31
 355              	.L28:
 272:Middlewares/ST/STM32_USB_Device_Library/Core/Src/usbd_core.c ****   {
 273:Middlewares/ST/STM32_USB_Device_Library/Core/Src/usbd_core.c ****   case USB_REQ_RECIPIENT_DEVICE:   
 274:Middlewares/ST/STM32_USB_Device_Library/Core/Src/usbd_core.c ****     USBD_StdDevReq (pdev, &pdev->request);
 356              		.loc 1 274 0
 357 0030 2046     		mov	r0, r4
 358 0032 2946     		mov	r1, r5
 359 0034 FFF7FEFF 		bl	USBD_StdDevReq
 360              	.LVL33:
 275:Middlewares/ST/STM32_USB_Device_Library/Core/Src/usbd_core.c ****     break;
 361              		.loc 1 275 0
 362 0038 0EE0     		b	.L30
 363              	.L27:
 276:Middlewares/ST/STM32_USB_Device_Library/Core/Src/usbd_core.c ****     
 277:Middlewares/ST/STM32_USB_Device_Library/Core/Src/usbd_core.c ****   case USB_REQ_RECIPIENT_INTERFACE:     
 278:Middlewares/ST/STM32_USB_Device_Library/Core/Src/usbd_core.c ****     USBD_StdItfReq(pdev, &pdev->request);
ARM GAS  /tmp/cca2elgR.s 			page 12


 364              		.loc 1 278 0
 365 003a 2046     		mov	r0, r4
 366 003c 2946     		mov	r1, r5
 367 003e FFF7FEFF 		bl	USBD_StdItfReq
 368              	.LVL34:
 279:Middlewares/ST/STM32_USB_Device_Library/Core/Src/usbd_core.c ****     break;
 369              		.loc 1 279 0
 370 0042 09E0     		b	.L30
 371              	.L29:
 280:Middlewares/ST/STM32_USB_Device_Library/Core/Src/usbd_core.c ****     
 281:Middlewares/ST/STM32_USB_Device_Library/Core/Src/usbd_core.c ****   case USB_REQ_RECIPIENT_ENDPOINT:        
 282:Middlewares/ST/STM32_USB_Device_Library/Core/Src/usbd_core.c ****     USBD_StdEPReq(pdev, &pdev->request);   
 372              		.loc 1 282 0
 373 0044 2046     		mov	r0, r4
 374 0046 2946     		mov	r1, r5
 375 0048 FFF7FEFF 		bl	USBD_StdEPReq
 376              	.LVL35:
 283:Middlewares/ST/STM32_USB_Device_Library/Core/Src/usbd_core.c ****     break;
 377              		.loc 1 283 0
 378 004c 04E0     		b	.L30
 379              	.L31:
 284:Middlewares/ST/STM32_USB_Device_Library/Core/Src/usbd_core.c ****     
 285:Middlewares/ST/STM32_USB_Device_Library/Core/Src/usbd_core.c ****   default:           
 286:Middlewares/ST/STM32_USB_Device_Library/Core/Src/usbd_core.c ****     USBD_LL_StallEP(pdev , pdev->request.bmRequest & 0x80);
 380              		.loc 1 286 0
 381 004e 2046     		mov	r0, r4
 382 0050 01F08001 		and	r1, r1, #128
 383 0054 FFF7FEFF 		bl	USBD_LL_StallEP
 384              	.LVL36:
 385              	.L30:
 287:Middlewares/ST/STM32_USB_Device_Library/Core/Src/usbd_core.c ****     break;
 288:Middlewares/ST/STM32_USB_Device_Library/Core/Src/usbd_core.c ****   }  
 289:Middlewares/ST/STM32_USB_Device_Library/Core/Src/usbd_core.c ****   return USBD_OK;  
 290:Middlewares/ST/STM32_USB_Device_Library/Core/Src/usbd_core.c **** }
 386              		.loc 1 290 0
 387 0058 0020     		movs	r0, #0
 388 005a 38BD     		pop	{r3, r4, r5, pc}
 389              		.cfi_endproc
 390              	.LFE131:
 392              		.section	.text.USBD_LL_DataOutStage,"ax",%progbits
 393              		.align	2
 394              		.global	USBD_LL_DataOutStage
 395              		.thumb
 396              		.thumb_func
 398              	USBD_LL_DataOutStage:
 399              	.LFB132:
 291:Middlewares/ST/STM32_USB_Device_Library/Core/Src/usbd_core.c **** 
 292:Middlewares/ST/STM32_USB_Device_Library/Core/Src/usbd_core.c **** /**
 293:Middlewares/ST/STM32_USB_Device_Library/Core/Src/usbd_core.c **** * @brief  USBD_DataOutStage 
 294:Middlewares/ST/STM32_USB_Device_Library/Core/Src/usbd_core.c **** *         Handle data OUT stage
 295:Middlewares/ST/STM32_USB_Device_Library/Core/Src/usbd_core.c **** * @param  pdev: device instance
 296:Middlewares/ST/STM32_USB_Device_Library/Core/Src/usbd_core.c **** * @param  epnum: endpoint index
 297:Middlewares/ST/STM32_USB_Device_Library/Core/Src/usbd_core.c **** * @retval status
 298:Middlewares/ST/STM32_USB_Device_Library/Core/Src/usbd_core.c **** */
 299:Middlewares/ST/STM32_USB_Device_Library/Core/Src/usbd_core.c **** USBD_StatusTypeDef USBD_LL_DataOutStage(USBD_HandleTypeDef *pdev , uint8_t epnum, uint8_t *pdata)
 300:Middlewares/ST/STM32_USB_Device_Library/Core/Src/usbd_core.c **** {
 400              		.loc 1 300 0
ARM GAS  /tmp/cca2elgR.s 			page 13


 401              		.cfi_startproc
 402              		@ args = 0, pretend = 0, frame = 0
 403              		@ frame_needed = 0, uses_anonymous_args = 0
 404              	.LVL37:
 405 0000 38B5     		push	{r3, r4, r5, lr}
 406              	.LCFI8:
 407              		.cfi_def_cfa_offset 16
 408              		.cfi_offset 3, -16
 409              		.cfi_offset 4, -12
 410              		.cfi_offset 5, -8
 411              		.cfi_offset 14, -4
 412 0002 0446     		mov	r4, r0
 301:Middlewares/ST/STM32_USB_Device_Library/Core/Src/usbd_core.c ****   USBD_EndpointTypeDef    *pep;
 302:Middlewares/ST/STM32_USB_Device_Library/Core/Src/usbd_core.c ****   
 303:Middlewares/ST/STM32_USB_Device_Library/Core/Src/usbd_core.c ****   if(epnum == 0) 
 413              		.loc 1 303 0
 414 0004 09BB     		cbnz	r1, .L34
 415              	.LVL38:
 304:Middlewares/ST/STM32_USB_Device_Library/Core/Src/usbd_core.c ****   {
 305:Middlewares/ST/STM32_USB_Device_Library/Core/Src/usbd_core.c ****     pep = &pdev->ep_out[0];
 306:Middlewares/ST/STM32_USB_Device_Library/Core/Src/usbd_core.c ****     
 307:Middlewares/ST/STM32_USB_Device_Library/Core/Src/usbd_core.c ****     if ( pdev->ep0_state == USBD_EP0_DATA_OUT)
 416              		.loc 1 307 0
 417 0006 D0F8F431 		ldr	r3, [r0, #500]
 418 000a 032B     		cmp	r3, #3
 419 000c 26D1     		bne	.L35
 308:Middlewares/ST/STM32_USB_Device_Library/Core/Src/usbd_core.c ****     {
 309:Middlewares/ST/STM32_USB_Device_Library/Core/Src/usbd_core.c ****       if(pep->rem_length > pep->maxpacket)
 420              		.loc 1 309 0
 421 000e D0F80C31 		ldr	r3, [r0, #268]
 422 0012 D0F81011 		ldr	r1, [r0, #272]
 423              	.LVL39:
 424 0016 8B42     		cmp	r3, r1
 425 0018 0AD9     		bls	.L36
 310:Middlewares/ST/STM32_USB_Device_Library/Core/Src/usbd_core.c ****       {
 311:Middlewares/ST/STM32_USB_Device_Library/Core/Src/usbd_core.c ****         pep->rem_length -=  pep->maxpacket;
 426              		.loc 1 311 0
 427 001a 5B1A     		subs	r3, r3, r1
 428 001c C0F80C31 		str	r3, [r0, #268]
 312:Middlewares/ST/STM32_USB_Device_Library/Core/Src/usbd_core.c ****        
 313:Middlewares/ST/STM32_USB_Device_Library/Core/Src/usbd_core.c ****         USBD_CtlContinueRx (pdev, 
 314:Middlewares/ST/STM32_USB_Device_Library/Core/Src/usbd_core.c ****                             pdata,
 315:Middlewares/ST/STM32_USB_Device_Library/Core/Src/usbd_core.c ****                             MIN(pep->rem_length ,pep->maxpacket));
 429              		.loc 1 315 0
 430 0020 8B42     		cmp	r3, r1
 431 0022 28BF     		it	cs
 432 0024 0B46     		movcs	r3, r1
 313:Middlewares/ST/STM32_USB_Device_Library/Core/Src/usbd_core.c ****                             pdata,
 433              		.loc 1 313 0
 434 0026 1146     		mov	r1, r2
 435 0028 9AB2     		uxth	r2, r3
 436              	.LVL40:
 437 002a FFF7FEFF 		bl	USBD_CtlContinueRx
 438              	.LVL41:
 439 002e 15E0     		b	.L35
 440              	.LVL42:
 441              	.L36:
ARM GAS  /tmp/cca2elgR.s 			page 14


 316:Middlewares/ST/STM32_USB_Device_Library/Core/Src/usbd_core.c ****       }
 317:Middlewares/ST/STM32_USB_Device_Library/Core/Src/usbd_core.c ****       else
 318:Middlewares/ST/STM32_USB_Device_Library/Core/Src/usbd_core.c ****       {
 319:Middlewares/ST/STM32_USB_Device_Library/Core/Src/usbd_core.c ****         if((pdev->pClass->EP0_RxReady != NULL)&&
 442              		.loc 1 319 0
 443 0030 D0F81432 		ldr	r3, [r0, #532]
 444 0034 1B69     		ldr	r3, [r3, #16]
 445 0036 23B1     		cbz	r3, .L37
 320:Middlewares/ST/STM32_USB_Device_Library/Core/Src/usbd_core.c ****            (pdev->dev_state == USBD_STATE_CONFIGURED))
 446              		.loc 1 320 0 discriminator 1
 447 0038 90F8FC21 		ldrb	r2, [r0, #508]	@ zero_extendqisi2
 448              	.LVL43:
 319:Middlewares/ST/STM32_USB_Device_Library/Core/Src/usbd_core.c ****            (pdev->dev_state == USBD_STATE_CONFIGURED))
 449              		.loc 1 319 0 discriminator 1
 450 003c 032A     		cmp	r2, #3
 451 003e 00D1     		bne	.L37
 321:Middlewares/ST/STM32_USB_Device_Library/Core/Src/usbd_core.c ****         {
 322:Middlewares/ST/STM32_USB_Device_Library/Core/Src/usbd_core.c ****           pdev->pClass->EP0_RxReady(pdev); 
 452              		.loc 1 322 0
 453 0040 9847     		blx	r3
 454              	.LVL44:
 455              	.L37:
 323:Middlewares/ST/STM32_USB_Device_Library/Core/Src/usbd_core.c ****         }
 324:Middlewares/ST/STM32_USB_Device_Library/Core/Src/usbd_core.c ****         USBD_CtlSendStatus(pdev);
 456              		.loc 1 324 0
 457 0042 2046     		mov	r0, r4
 458 0044 FFF7FEFF 		bl	USBD_CtlSendStatus
 459              	.LVL45:
 460 0048 08E0     		b	.L35
 461              	.LVL46:
 462              	.L34:
 325:Middlewares/ST/STM32_USB_Device_Library/Core/Src/usbd_core.c ****       }
 326:Middlewares/ST/STM32_USB_Device_Library/Core/Src/usbd_core.c ****     }
 327:Middlewares/ST/STM32_USB_Device_Library/Core/Src/usbd_core.c ****   }
 328:Middlewares/ST/STM32_USB_Device_Library/Core/Src/usbd_core.c ****   else if((pdev->pClass->DataOut != NULL)&&
 463              		.loc 1 328 0
 464 004a D0F81432 		ldr	r3, [r0, #532]
 465 004e 9B69     		ldr	r3, [r3, #24]
 466 0050 23B1     		cbz	r3, .L35
 329:Middlewares/ST/STM32_USB_Device_Library/Core/Src/usbd_core.c ****           (pdev->dev_state == USBD_STATE_CONFIGURED))
 467              		.loc 1 329 0 discriminator 1
 468 0052 90F8FC21 		ldrb	r2, [r0, #508]	@ zero_extendqisi2
 469              	.LVL47:
 328:Middlewares/ST/STM32_USB_Device_Library/Core/Src/usbd_core.c ****           (pdev->dev_state == USBD_STATE_CONFIGURED))
 470              		.loc 1 328 0 discriminator 1
 471 0056 032A     		cmp	r2, #3
 472 0058 00D1     		bne	.L35
 330:Middlewares/ST/STM32_USB_Device_Library/Core/Src/usbd_core.c ****   {
 331:Middlewares/ST/STM32_USB_Device_Library/Core/Src/usbd_core.c ****     pdev->pClass->DataOut(pdev, epnum); 
 473              		.loc 1 331 0
 474 005a 9847     		blx	r3
 475              	.LVL48:
 476              	.L35:
 332:Middlewares/ST/STM32_USB_Device_Library/Core/Src/usbd_core.c ****   }  
 333:Middlewares/ST/STM32_USB_Device_Library/Core/Src/usbd_core.c ****   return USBD_OK;
 334:Middlewares/ST/STM32_USB_Device_Library/Core/Src/usbd_core.c **** }
 477              		.loc 1 334 0
ARM GAS  /tmp/cca2elgR.s 			page 15


 478 005c 0020     		movs	r0, #0
 479 005e 38BD     		pop	{r3, r4, r5, pc}
 480              		.cfi_endproc
 481              	.LFE132:
 483              		.section	.text.USBD_LL_DataInStage,"ax",%progbits
 484              		.align	2
 485              		.global	USBD_LL_DataInStage
 486              		.thumb
 487              		.thumb_func
 489              	USBD_LL_DataInStage:
 490              	.LFB133:
 335:Middlewares/ST/STM32_USB_Device_Library/Core/Src/usbd_core.c **** 
 336:Middlewares/ST/STM32_USB_Device_Library/Core/Src/usbd_core.c **** /**
 337:Middlewares/ST/STM32_USB_Device_Library/Core/Src/usbd_core.c **** * @brief  USBD_DataInStage 
 338:Middlewares/ST/STM32_USB_Device_Library/Core/Src/usbd_core.c **** *         Handle data in stage
 339:Middlewares/ST/STM32_USB_Device_Library/Core/Src/usbd_core.c **** * @param  pdev: device instance
 340:Middlewares/ST/STM32_USB_Device_Library/Core/Src/usbd_core.c **** * @param  epnum: endpoint index
 341:Middlewares/ST/STM32_USB_Device_Library/Core/Src/usbd_core.c **** * @retval status
 342:Middlewares/ST/STM32_USB_Device_Library/Core/Src/usbd_core.c **** */
 343:Middlewares/ST/STM32_USB_Device_Library/Core/Src/usbd_core.c **** USBD_StatusTypeDef USBD_LL_DataInStage(USBD_HandleTypeDef *pdev ,uint8_t epnum, uint8_t *pdata)
 344:Middlewares/ST/STM32_USB_Device_Library/Core/Src/usbd_core.c **** {
 491              		.loc 1 344 0
 492              		.cfi_startproc
 493              		@ args = 0, pretend = 0, frame = 0
 494              		@ frame_needed = 0, uses_anonymous_args = 0
 495              	.LVL49:
 496 0000 38B5     		push	{r3, r4, r5, lr}
 497              	.LCFI9:
 498              		.cfi_def_cfa_offset 16
 499              		.cfi_offset 3, -16
 500              		.cfi_offset 4, -12
 501              		.cfi_offset 5, -8
 502              		.cfi_offset 14, -4
 503 0002 0446     		mov	r4, r0
 345:Middlewares/ST/STM32_USB_Device_Library/Core/Src/usbd_core.c ****   USBD_EndpointTypeDef    *pep;
 346:Middlewares/ST/STM32_USB_Device_Library/Core/Src/usbd_core.c ****     
 347:Middlewares/ST/STM32_USB_Device_Library/Core/Src/usbd_core.c ****   if(epnum == 0) 
 504              		.loc 1 347 0
 505 0004 0029     		cmp	r1, #0
 506 0006 42D1     		bne	.L40
 507              	.LVL50:
 348:Middlewares/ST/STM32_USB_Device_Library/Core/Src/usbd_core.c ****   {
 349:Middlewares/ST/STM32_USB_Device_Library/Core/Src/usbd_core.c ****     pep = &pdev->ep_in[0];
 350:Middlewares/ST/STM32_USB_Device_Library/Core/Src/usbd_core.c ****     
 351:Middlewares/ST/STM32_USB_Device_Library/Core/Src/usbd_core.c ****     if ( pdev->ep0_state == USBD_EP0_DATA_IN)
 508              		.loc 1 351 0
 509 0008 D0F8F431 		ldr	r3, [r0, #500]
 510 000c 022B     		cmp	r3, #2
 511 000e 36D1     		bne	.L41
 352:Middlewares/ST/STM32_USB_Device_Library/Core/Src/usbd_core.c ****     {
 353:Middlewares/ST/STM32_USB_Device_Library/Core/Src/usbd_core.c ****       if(pep->rem_length > pep->maxpacket)
 512              		.loc 1 353 0
 513 0010 C169     		ldr	r1, [r0, #28]
 514              	.LVL51:
 515 0012 036A     		ldr	r3, [r0, #32]
 516 0014 9942     		cmp	r1, r3
 517 0016 0CD9     		bls	.L42
ARM GAS  /tmp/cca2elgR.s 			page 16


 354:Middlewares/ST/STM32_USB_Device_Library/Core/Src/usbd_core.c ****       {
 355:Middlewares/ST/STM32_USB_Device_Library/Core/Src/usbd_core.c ****         pep->rem_length -=  pep->maxpacket;
 518              		.loc 1 355 0
 519 0018 CB1A     		subs	r3, r1, r3
 520 001a C361     		str	r3, [r0, #28]
 356:Middlewares/ST/STM32_USB_Device_Library/Core/Src/usbd_core.c ****         
 357:Middlewares/ST/STM32_USB_Device_Library/Core/Src/usbd_core.c ****         USBD_CtlContinueSendData (pdev, 
 521              		.loc 1 357 0
 522 001c 1146     		mov	r1, r2
 523 001e 9AB2     		uxth	r2, r3
 524              	.LVL52:
 525 0020 FFF7FEFF 		bl	USBD_CtlContinueSendData
 526              	.LVL53:
 358:Middlewares/ST/STM32_USB_Device_Library/Core/Src/usbd_core.c ****                                   pdata, 
 359:Middlewares/ST/STM32_USB_Device_Library/Core/Src/usbd_core.c ****                                   pep->rem_length);
 360:Middlewares/ST/STM32_USB_Device_Library/Core/Src/usbd_core.c ****         
 361:Middlewares/ST/STM32_USB_Device_Library/Core/Src/usbd_core.c ****         /* Prepare endpoint for premature end of transfer */
 362:Middlewares/ST/STM32_USB_Device_Library/Core/Src/usbd_core.c ****         USBD_LL_PrepareReceive (pdev,
 527              		.loc 1 362 0
 528 0024 2046     		mov	r0, r4
 529 0026 0021     		movs	r1, #0
 530 0028 0A46     		mov	r2, r1
 531 002a 0B46     		mov	r3, r1
 532 002c FFF7FEFF 		bl	USBD_LL_PrepareReceive
 533              	.LVL54:
 534 0030 25E0     		b	.L41
 535              	.LVL55:
 536              	.L42:
 363:Middlewares/ST/STM32_USB_Device_Library/Core/Src/usbd_core.c ****                                 0,
 364:Middlewares/ST/STM32_USB_Device_Library/Core/Src/usbd_core.c ****                                 NULL,
 365:Middlewares/ST/STM32_USB_Device_Library/Core/Src/usbd_core.c ****                                 0);  
 366:Middlewares/ST/STM32_USB_Device_Library/Core/Src/usbd_core.c ****       }
 367:Middlewares/ST/STM32_USB_Device_Library/Core/Src/usbd_core.c ****       else
 368:Middlewares/ST/STM32_USB_Device_Library/Core/Src/usbd_core.c ****       { /* last packet is MPS multiple, so send ZLP packet */
 369:Middlewares/ST/STM32_USB_Device_Library/Core/Src/usbd_core.c ****         if((pep->total_length % pep->maxpacket == 0) &&
 537              		.loc 1 369 0
 538 0032 8169     		ldr	r1, [r0, #24]
 539 0034 B1FBF3F2 		udiv	r2, r1, r3
 540              	.LVL56:
 541 0038 03FB1212 		mls	r2, r3, r2, r1
 542 003c 92B9     		cbnz	r2, .L43
 543              		.loc 1 369 0 is_stmt 0 discriminator 1
 544 003e 8B42     		cmp	r3, r1
 545 0040 10D8     		bhi	.L43
 370:Middlewares/ST/STM32_USB_Device_Library/Core/Src/usbd_core.c ****            (pep->total_length >= pep->maxpacket) &&
 371:Middlewares/ST/STM32_USB_Device_Library/Core/Src/usbd_core.c ****              (pep->total_length < pdev->ep0_data_len ))
 546              		.loc 1 371 0 is_stmt 1
 547 0042 D0F8F831 		ldr	r3, [r0, #504]
 370:Middlewares/ST/STM32_USB_Device_Library/Core/Src/usbd_core.c ****            (pep->total_length >= pep->maxpacket) &&
 548              		.loc 1 370 0
 549 0046 9942     		cmp	r1, r3
 550 0048 0CD2     		bcs	.L43
 372:Middlewares/ST/STM32_USB_Device_Library/Core/Src/usbd_core.c ****         {
 373:Middlewares/ST/STM32_USB_Device_Library/Core/Src/usbd_core.c ****           
 374:Middlewares/ST/STM32_USB_Device_Library/Core/Src/usbd_core.c ****           USBD_CtlContinueSendData(pdev , NULL, 0);
 551              		.loc 1 374 0
 552 004a 0021     		movs	r1, #0
ARM GAS  /tmp/cca2elgR.s 			page 17


 553 004c 0A46     		mov	r2, r1
 554 004e FFF7FEFF 		bl	USBD_CtlContinueSendData
 555              	.LVL57:
 375:Middlewares/ST/STM32_USB_Device_Library/Core/Src/usbd_core.c ****           pdev->ep0_data_len = 0;
 556              		.loc 1 375 0
 557 0052 0023     		movs	r3, #0
 558 0054 C4F8F831 		str	r3, [r4, #504]
 376:Middlewares/ST/STM32_USB_Device_Library/Core/Src/usbd_core.c ****           
 377:Middlewares/ST/STM32_USB_Device_Library/Core/Src/usbd_core.c ****         /* Prepare endpoint for premature end of transfer */
 378:Middlewares/ST/STM32_USB_Device_Library/Core/Src/usbd_core.c ****         USBD_LL_PrepareReceive (pdev,
 559              		.loc 1 378 0
 560 0058 2046     		mov	r0, r4
 561 005a 1946     		mov	r1, r3
 562 005c 1A46     		mov	r2, r3
 563 005e FFF7FEFF 		bl	USBD_LL_PrepareReceive
 564              	.LVL58:
 565 0062 0CE0     		b	.L41
 566              	.LVL59:
 567              	.L43:
 379:Middlewares/ST/STM32_USB_Device_Library/Core/Src/usbd_core.c ****                                 0,
 380:Middlewares/ST/STM32_USB_Device_Library/Core/Src/usbd_core.c ****                                 NULL,
 381:Middlewares/ST/STM32_USB_Device_Library/Core/Src/usbd_core.c ****                                 0);
 382:Middlewares/ST/STM32_USB_Device_Library/Core/Src/usbd_core.c ****         }
 383:Middlewares/ST/STM32_USB_Device_Library/Core/Src/usbd_core.c ****         else
 384:Middlewares/ST/STM32_USB_Device_Library/Core/Src/usbd_core.c ****         {
 385:Middlewares/ST/STM32_USB_Device_Library/Core/Src/usbd_core.c ****           if((pdev->pClass->EP0_TxSent != NULL)&&
 568              		.loc 1 385 0
 569 0064 D4F81432 		ldr	r3, [r4, #532]
 570 0068 DB68     		ldr	r3, [r3, #12]
 571 006a 2BB1     		cbz	r3, .L44
 386:Middlewares/ST/STM32_USB_Device_Library/Core/Src/usbd_core.c ****              (pdev->dev_state == USBD_STATE_CONFIGURED))
 572              		.loc 1 386 0 discriminator 1
 573 006c 94F8FC21 		ldrb	r2, [r4, #508]	@ zero_extendqisi2
 385:Middlewares/ST/STM32_USB_Device_Library/Core/Src/usbd_core.c ****              (pdev->dev_state == USBD_STATE_CONFIGURED))
 574              		.loc 1 385 0 discriminator 1
 575 0070 032A     		cmp	r2, #3
 576 0072 01D1     		bne	.L44
 387:Middlewares/ST/STM32_USB_Device_Library/Core/Src/usbd_core.c ****           {
 388:Middlewares/ST/STM32_USB_Device_Library/Core/Src/usbd_core.c ****             pdev->pClass->EP0_TxSent(pdev); 
 577              		.loc 1 388 0
 578 0074 2046     		mov	r0, r4
 579              	.LVL60:
 580 0076 9847     		blx	r3
 581              	.LVL61:
 582              	.L44:
 389:Middlewares/ST/STM32_USB_Device_Library/Core/Src/usbd_core.c ****           }          
 390:Middlewares/ST/STM32_USB_Device_Library/Core/Src/usbd_core.c ****           USBD_CtlReceiveStatus(pdev);
 583              		.loc 1 390 0
 584 0078 2046     		mov	r0, r4
 585 007a FFF7FEFF 		bl	USBD_CtlReceiveStatus
 586              	.LVL62:
 587              	.L41:
 391:Middlewares/ST/STM32_USB_Device_Library/Core/Src/usbd_core.c ****         }
 392:Middlewares/ST/STM32_USB_Device_Library/Core/Src/usbd_core.c ****       }
 393:Middlewares/ST/STM32_USB_Device_Library/Core/Src/usbd_core.c ****     }
 394:Middlewares/ST/STM32_USB_Device_Library/Core/Src/usbd_core.c ****     if (pdev->dev_test_mode == 1)
 588              		.loc 1 394 0
ARM GAS  /tmp/cca2elgR.s 			page 18


 589 007e 94F80032 		ldrb	r3, [r4, #512]	@ zero_extendqisi2
 590 0082 012B     		cmp	r3, #1
 591 0084 0CD1     		bne	.L45
 395:Middlewares/ST/STM32_USB_Device_Library/Core/Src/usbd_core.c ****     {
 396:Middlewares/ST/STM32_USB_Device_Library/Core/Src/usbd_core.c ****       USBD_RunTestMode(pdev); 
 397:Middlewares/ST/STM32_USB_Device_Library/Core/Src/usbd_core.c ****       pdev->dev_test_mode = 0;
 592              		.loc 1 397 0
 593 0086 0023     		movs	r3, #0
 594 0088 84F80032 		strb	r3, [r4, #512]
 595 008c 08E0     		b	.L45
 596              	.LVL63:
 597              	.L40:
 398:Middlewares/ST/STM32_USB_Device_Library/Core/Src/usbd_core.c ****     }
 399:Middlewares/ST/STM32_USB_Device_Library/Core/Src/usbd_core.c ****   }
 400:Middlewares/ST/STM32_USB_Device_Library/Core/Src/usbd_core.c ****   else if((pdev->pClass->DataIn != NULL)&& 
 598              		.loc 1 400 0
 599 008e D0F81432 		ldr	r3, [r0, #532]
 600 0092 5B69     		ldr	r3, [r3, #20]
 601 0094 23B1     		cbz	r3, .L45
 401:Middlewares/ST/STM32_USB_Device_Library/Core/Src/usbd_core.c ****           (pdev->dev_state == USBD_STATE_CONFIGURED))
 602              		.loc 1 401 0 discriminator 1
 603 0096 90F8FC21 		ldrb	r2, [r0, #508]	@ zero_extendqisi2
 604              	.LVL64:
 400:Middlewares/ST/STM32_USB_Device_Library/Core/Src/usbd_core.c ****           (pdev->dev_state == USBD_STATE_CONFIGURED))
 605              		.loc 1 400 0 discriminator 1
 606 009a 032A     		cmp	r2, #3
 607 009c 00D1     		bne	.L45
 402:Middlewares/ST/STM32_USB_Device_Library/Core/Src/usbd_core.c ****   {
 403:Middlewares/ST/STM32_USB_Device_Library/Core/Src/usbd_core.c ****     pdev->pClass->DataIn(pdev, epnum); 
 608              		.loc 1 403 0
 609 009e 9847     		blx	r3
 610              	.LVL65:
 611              	.L45:
 404:Middlewares/ST/STM32_USB_Device_Library/Core/Src/usbd_core.c ****   }  
 405:Middlewares/ST/STM32_USB_Device_Library/Core/Src/usbd_core.c ****   return USBD_OK;
 406:Middlewares/ST/STM32_USB_Device_Library/Core/Src/usbd_core.c **** }
 612              		.loc 1 406 0
 613 00a0 0020     		movs	r0, #0
 614 00a2 38BD     		pop	{r3, r4, r5, pc}
 615              		.cfi_endproc
 616              	.LFE133:
 618              		.section	.text.USBD_LL_Reset,"ax",%progbits
 619              		.align	2
 620              		.global	USBD_LL_Reset
 621              		.thumb
 622              		.thumb_func
 624              	USBD_LL_Reset:
 625              	.LFB134:
 407:Middlewares/ST/STM32_USB_Device_Library/Core/Src/usbd_core.c **** 
 408:Middlewares/ST/STM32_USB_Device_Library/Core/Src/usbd_core.c **** /**
 409:Middlewares/ST/STM32_USB_Device_Library/Core/Src/usbd_core.c **** * @brief  USBD_LL_Reset 
 410:Middlewares/ST/STM32_USB_Device_Library/Core/Src/usbd_core.c **** *         Handle Reset event
 411:Middlewares/ST/STM32_USB_Device_Library/Core/Src/usbd_core.c **** * @param  pdev: device instance
 412:Middlewares/ST/STM32_USB_Device_Library/Core/Src/usbd_core.c **** * @retval status
 413:Middlewares/ST/STM32_USB_Device_Library/Core/Src/usbd_core.c **** */
 414:Middlewares/ST/STM32_USB_Device_Library/Core/Src/usbd_core.c **** 
 415:Middlewares/ST/STM32_USB_Device_Library/Core/Src/usbd_core.c **** USBD_StatusTypeDef USBD_LL_Reset(USBD_HandleTypeDef  *pdev)
ARM GAS  /tmp/cca2elgR.s 			page 19


 416:Middlewares/ST/STM32_USB_Device_Library/Core/Src/usbd_core.c **** {
 626              		.loc 1 416 0
 627              		.cfi_startproc
 628              		@ args = 0, pretend = 0, frame = 0
 629              		@ frame_needed = 0, uses_anonymous_args = 0
 630              	.LVL66:
 631 0000 38B5     		push	{r3, r4, r5, lr}
 632              	.LCFI10:
 633              		.cfi_def_cfa_offset 16
 634              		.cfi_offset 3, -16
 635              		.cfi_offset 4, -12
 636              		.cfi_offset 5, -8
 637              		.cfi_offset 14, -4
 638 0002 0446     		mov	r4, r0
 417:Middlewares/ST/STM32_USB_Device_Library/Core/Src/usbd_core.c ****   /* Open EP0 OUT */
 418:Middlewares/ST/STM32_USB_Device_Library/Core/Src/usbd_core.c ****   USBD_LL_OpenEP(pdev,
 639              		.loc 1 418 0
 640 0004 0021     		movs	r1, #0
 641 0006 0A46     		mov	r2, r1
 642 0008 4023     		movs	r3, #64
 643 000a FFF7FEFF 		bl	USBD_LL_OpenEP
 644              	.LVL67:
 419:Middlewares/ST/STM32_USB_Device_Library/Core/Src/usbd_core.c ****               0x00,
 420:Middlewares/ST/STM32_USB_Device_Library/Core/Src/usbd_core.c ****               USBD_EP_TYPE_CTRL,
 421:Middlewares/ST/STM32_USB_Device_Library/Core/Src/usbd_core.c ****               USB_MAX_EP0_SIZE);
 422:Middlewares/ST/STM32_USB_Device_Library/Core/Src/usbd_core.c ****   
 423:Middlewares/ST/STM32_USB_Device_Library/Core/Src/usbd_core.c ****   pdev->ep_out[0].maxpacket = USB_MAX_EP0_SIZE;
 645              		.loc 1 423 0
 646 000e 4025     		movs	r5, #64
 647 0010 C4F81051 		str	r5, [r4, #272]
 424:Middlewares/ST/STM32_USB_Device_Library/Core/Src/usbd_core.c ****   
 425:Middlewares/ST/STM32_USB_Device_Library/Core/Src/usbd_core.c ****   /* Open EP0 IN */
 426:Middlewares/ST/STM32_USB_Device_Library/Core/Src/usbd_core.c ****   USBD_LL_OpenEP(pdev,
 648              		.loc 1 426 0
 649 0014 2046     		mov	r0, r4
 650 0016 8021     		movs	r1, #128
 651 0018 0022     		movs	r2, #0
 652 001a 2B46     		mov	r3, r5
 653 001c FFF7FEFF 		bl	USBD_LL_OpenEP
 654              	.LVL68:
 427:Middlewares/ST/STM32_USB_Device_Library/Core/Src/usbd_core.c ****               0x80,
 428:Middlewares/ST/STM32_USB_Device_Library/Core/Src/usbd_core.c ****               USBD_EP_TYPE_CTRL,
 429:Middlewares/ST/STM32_USB_Device_Library/Core/Src/usbd_core.c ****               USB_MAX_EP0_SIZE);
 430:Middlewares/ST/STM32_USB_Device_Library/Core/Src/usbd_core.c ****   
 431:Middlewares/ST/STM32_USB_Device_Library/Core/Src/usbd_core.c ****   pdev->ep_in[0].maxpacket = USB_MAX_EP0_SIZE;
 655              		.loc 1 431 0
 656 0020 2562     		str	r5, [r4, #32]
 432:Middlewares/ST/STM32_USB_Device_Library/Core/Src/usbd_core.c ****   /* Upon Reset call user call back */
 433:Middlewares/ST/STM32_USB_Device_Library/Core/Src/usbd_core.c ****   pdev->dev_state = USBD_STATE_DEFAULT;
 657              		.loc 1 433 0
 658 0022 0123     		movs	r3, #1
 659 0024 84F8FC31 		strb	r3, [r4, #508]
 434:Middlewares/ST/STM32_USB_Device_Library/Core/Src/usbd_core.c ****   
 435:Middlewares/ST/STM32_USB_Device_Library/Core/Src/usbd_core.c ****   if (pdev->pClassData) 
 660              		.loc 1 435 0
 661 0028 D4F81832 		ldr	r3, [r4, #536]
 662 002c 2BB1     		cbz	r3, .L48
ARM GAS  /tmp/cca2elgR.s 			page 20


 436:Middlewares/ST/STM32_USB_Device_Library/Core/Src/usbd_core.c ****     pdev->pClass->DeInit(pdev, pdev->dev_config);  
 663              		.loc 1 436 0
 664 002e D4F81432 		ldr	r3, [r4, #532]
 665 0032 5B68     		ldr	r3, [r3, #4]
 666 0034 2046     		mov	r0, r4
 667 0036 2179     		ldrb	r1, [r4, #4]	@ zero_extendqisi2
 668 0038 9847     		blx	r3
 669              	.LVL69:
 670              	.L48:
 437:Middlewares/ST/STM32_USB_Device_Library/Core/Src/usbd_core.c ****  
 438:Middlewares/ST/STM32_USB_Device_Library/Core/Src/usbd_core.c ****   
 439:Middlewares/ST/STM32_USB_Device_Library/Core/Src/usbd_core.c ****   return USBD_OK;
 440:Middlewares/ST/STM32_USB_Device_Library/Core/Src/usbd_core.c **** }
 671              		.loc 1 440 0
 672 003a 0020     		movs	r0, #0
 673 003c 38BD     		pop	{r3, r4, r5, pc}
 674              		.cfi_endproc
 675              	.LFE134:
 677 003e 00BF     		.section	.text.USBD_LL_SetSpeed,"ax",%progbits
 678              		.align	2
 679              		.global	USBD_LL_SetSpeed
 680              		.thumb
 681              		.thumb_func
 683              	USBD_LL_SetSpeed:
 684              	.LFB135:
 441:Middlewares/ST/STM32_USB_Device_Library/Core/Src/usbd_core.c **** 
 442:Middlewares/ST/STM32_USB_Device_Library/Core/Src/usbd_core.c **** 
 443:Middlewares/ST/STM32_USB_Device_Library/Core/Src/usbd_core.c **** 
 444:Middlewares/ST/STM32_USB_Device_Library/Core/Src/usbd_core.c **** 
 445:Middlewares/ST/STM32_USB_Device_Library/Core/Src/usbd_core.c **** /**
 446:Middlewares/ST/STM32_USB_Device_Library/Core/Src/usbd_core.c **** * @brief  USBD_LL_Reset 
 447:Middlewares/ST/STM32_USB_Device_Library/Core/Src/usbd_core.c **** *         Handle Reset event
 448:Middlewares/ST/STM32_USB_Device_Library/Core/Src/usbd_core.c **** * @param  pdev: device instance
 449:Middlewares/ST/STM32_USB_Device_Library/Core/Src/usbd_core.c **** * @retval status
 450:Middlewares/ST/STM32_USB_Device_Library/Core/Src/usbd_core.c **** */
 451:Middlewares/ST/STM32_USB_Device_Library/Core/Src/usbd_core.c **** USBD_StatusTypeDef USBD_LL_SetSpeed(USBD_HandleTypeDef  *pdev, USBD_SpeedTypeDef speed)
 452:Middlewares/ST/STM32_USB_Device_Library/Core/Src/usbd_core.c **** {
 685              		.loc 1 452 0
 686              		.cfi_startproc
 687              		@ args = 0, pretend = 0, frame = 0
 688              		@ frame_needed = 0, uses_anonymous_args = 0
 689              		@ link register save eliminated.
 690              	.LVL70:
 453:Middlewares/ST/STM32_USB_Device_Library/Core/Src/usbd_core.c ****   pdev->dev_speed = speed;
 691              		.loc 1 453 0
 692 0000 0174     		strb	r1, [r0, #16]
 454:Middlewares/ST/STM32_USB_Device_Library/Core/Src/usbd_core.c ****   return USBD_OK;
 455:Middlewares/ST/STM32_USB_Device_Library/Core/Src/usbd_core.c **** }
 693              		.loc 1 455 0
 694 0002 0020     		movs	r0, #0
 695              	.LVL71:
 696 0004 7047     		bx	lr
 697              		.cfi_endproc
 698              	.LFE135:
 700 0006 00BF     		.section	.text.USBD_LL_Suspend,"ax",%progbits
 701              		.align	2
 702              		.global	USBD_LL_Suspend
ARM GAS  /tmp/cca2elgR.s 			page 21


 703              		.thumb
 704              		.thumb_func
 706              	USBD_LL_Suspend:
 707              	.LFB136:
 456:Middlewares/ST/STM32_USB_Device_Library/Core/Src/usbd_core.c **** 
 457:Middlewares/ST/STM32_USB_Device_Library/Core/Src/usbd_core.c **** /**
 458:Middlewares/ST/STM32_USB_Device_Library/Core/Src/usbd_core.c **** * @brief  USBD_Suspend 
 459:Middlewares/ST/STM32_USB_Device_Library/Core/Src/usbd_core.c **** *         Handle Suspend event
 460:Middlewares/ST/STM32_USB_Device_Library/Core/Src/usbd_core.c **** * @param  pdev: device instance
 461:Middlewares/ST/STM32_USB_Device_Library/Core/Src/usbd_core.c **** * @retval status
 462:Middlewares/ST/STM32_USB_Device_Library/Core/Src/usbd_core.c **** */
 463:Middlewares/ST/STM32_USB_Device_Library/Core/Src/usbd_core.c **** 
 464:Middlewares/ST/STM32_USB_Device_Library/Core/Src/usbd_core.c **** USBD_StatusTypeDef USBD_LL_Suspend(USBD_HandleTypeDef  *pdev)
 465:Middlewares/ST/STM32_USB_Device_Library/Core/Src/usbd_core.c **** {
 708              		.loc 1 465 0
 709              		.cfi_startproc
 710              		@ args = 0, pretend = 0, frame = 0
 711              		@ frame_needed = 0, uses_anonymous_args = 0
 712              		@ link register save eliminated.
 713              	.LVL72:
 466:Middlewares/ST/STM32_USB_Device_Library/Core/Src/usbd_core.c ****   pdev->dev_old_state =  pdev->dev_state;
 714              		.loc 1 466 0
 715 0000 90F8FC31 		ldrb	r3, [r0, #508]	@ zero_extendqisi2
 716 0004 80F8FD31 		strb	r3, [r0, #509]
 467:Middlewares/ST/STM32_USB_Device_Library/Core/Src/usbd_core.c ****   pdev->dev_state  = USBD_STATE_SUSPENDED;
 717              		.loc 1 467 0
 718 0008 0423     		movs	r3, #4
 719 000a 80F8FC31 		strb	r3, [r0, #508]
 468:Middlewares/ST/STM32_USB_Device_Library/Core/Src/usbd_core.c ****   return USBD_OK;
 469:Middlewares/ST/STM32_USB_Device_Library/Core/Src/usbd_core.c **** }
 720              		.loc 1 469 0
 721 000e 0020     		movs	r0, #0
 722              	.LVL73:
 723 0010 7047     		bx	lr
 724              		.cfi_endproc
 725              	.LFE136:
 727 0012 00BF     		.section	.text.USBD_LL_Resume,"ax",%progbits
 728              		.align	2
 729              		.global	USBD_LL_Resume
 730              		.thumb
 731              		.thumb_func
 733              	USBD_LL_Resume:
 734              	.LFB137:
 470:Middlewares/ST/STM32_USB_Device_Library/Core/Src/usbd_core.c **** 
 471:Middlewares/ST/STM32_USB_Device_Library/Core/Src/usbd_core.c **** /**
 472:Middlewares/ST/STM32_USB_Device_Library/Core/Src/usbd_core.c **** * @brief  USBD_Resume 
 473:Middlewares/ST/STM32_USB_Device_Library/Core/Src/usbd_core.c **** *         Handle Resume event
 474:Middlewares/ST/STM32_USB_Device_Library/Core/Src/usbd_core.c **** * @param  pdev: device instance
 475:Middlewares/ST/STM32_USB_Device_Library/Core/Src/usbd_core.c **** * @retval status
 476:Middlewares/ST/STM32_USB_Device_Library/Core/Src/usbd_core.c **** */
 477:Middlewares/ST/STM32_USB_Device_Library/Core/Src/usbd_core.c **** 
 478:Middlewares/ST/STM32_USB_Device_Library/Core/Src/usbd_core.c **** USBD_StatusTypeDef USBD_LL_Resume(USBD_HandleTypeDef  *pdev)
 479:Middlewares/ST/STM32_USB_Device_Library/Core/Src/usbd_core.c **** {
 735              		.loc 1 479 0
 736              		.cfi_startproc
 737              		@ args = 0, pretend = 0, frame = 0
 738              		@ frame_needed = 0, uses_anonymous_args = 0
ARM GAS  /tmp/cca2elgR.s 			page 22


 739              		@ link register save eliminated.
 740              	.LVL74:
 480:Middlewares/ST/STM32_USB_Device_Library/Core/Src/usbd_core.c ****   pdev->dev_state = pdev->dev_old_state;  
 741              		.loc 1 480 0
 742 0000 90F8FD31 		ldrb	r3, [r0, #509]	@ zero_extendqisi2
 743 0004 80F8FC31 		strb	r3, [r0, #508]
 481:Middlewares/ST/STM32_USB_Device_Library/Core/Src/usbd_core.c ****   return USBD_OK;
 482:Middlewares/ST/STM32_USB_Device_Library/Core/Src/usbd_core.c **** }
 744              		.loc 1 482 0
 745 0008 0020     		movs	r0, #0
 746              	.LVL75:
 747 000a 7047     		bx	lr
 748              		.cfi_endproc
 749              	.LFE137:
 751              		.section	.text.USBD_LL_SOF,"ax",%progbits
 752              		.align	2
 753              		.global	USBD_LL_SOF
 754              		.thumb
 755              		.thumb_func
 757              	USBD_LL_SOF:
 758              	.LFB138:
 483:Middlewares/ST/STM32_USB_Device_Library/Core/Src/usbd_core.c **** 
 484:Middlewares/ST/STM32_USB_Device_Library/Core/Src/usbd_core.c **** /**
 485:Middlewares/ST/STM32_USB_Device_Library/Core/Src/usbd_core.c **** * @brief  USBD_SOF 
 486:Middlewares/ST/STM32_USB_Device_Library/Core/Src/usbd_core.c **** *         Handle SOF event
 487:Middlewares/ST/STM32_USB_Device_Library/Core/Src/usbd_core.c **** * @param  pdev: device instance
 488:Middlewares/ST/STM32_USB_Device_Library/Core/Src/usbd_core.c **** * @retval status
 489:Middlewares/ST/STM32_USB_Device_Library/Core/Src/usbd_core.c **** */
 490:Middlewares/ST/STM32_USB_Device_Library/Core/Src/usbd_core.c **** 
 491:Middlewares/ST/STM32_USB_Device_Library/Core/Src/usbd_core.c **** USBD_StatusTypeDef USBD_LL_SOF(USBD_HandleTypeDef  *pdev)
 492:Middlewares/ST/STM32_USB_Device_Library/Core/Src/usbd_core.c **** {
 759              		.loc 1 492 0
 760              		.cfi_startproc
 761              		@ args = 0, pretend = 0, frame = 0
 762              		@ frame_needed = 0, uses_anonymous_args = 0
 763              	.LVL76:
 764 0000 08B5     		push	{r3, lr}
 765              	.LCFI11:
 766              		.cfi_def_cfa_offset 8
 767              		.cfi_offset 3, -8
 768              		.cfi_offset 14, -4
 493:Middlewares/ST/STM32_USB_Device_Library/Core/Src/usbd_core.c ****   if(pdev->dev_state == USBD_STATE_CONFIGURED)
 769              		.loc 1 493 0
 770 0002 90F8FC31 		ldrb	r3, [r0, #508]	@ zero_extendqisi2
 771 0006 032B     		cmp	r3, #3
 772 0008 04D1     		bne	.L54
 494:Middlewares/ST/STM32_USB_Device_Library/Core/Src/usbd_core.c ****   {
 495:Middlewares/ST/STM32_USB_Device_Library/Core/Src/usbd_core.c ****     if(pdev->pClass->SOF != NULL)
 773              		.loc 1 495 0
 774 000a D0F81432 		ldr	r3, [r0, #532]
 775 000e DB69     		ldr	r3, [r3, #28]
 776 0010 03B1     		cbz	r3, .L54
 496:Middlewares/ST/STM32_USB_Device_Library/Core/Src/usbd_core.c ****     {
 497:Middlewares/ST/STM32_USB_Device_Library/Core/Src/usbd_core.c ****       pdev->pClass->SOF(pdev);
 777              		.loc 1 497 0
 778 0012 9847     		blx	r3
 779              	.LVL77:
ARM GAS  /tmp/cca2elgR.s 			page 23


 780              	.L54:
 498:Middlewares/ST/STM32_USB_Device_Library/Core/Src/usbd_core.c ****     }
 499:Middlewares/ST/STM32_USB_Device_Library/Core/Src/usbd_core.c ****   }
 500:Middlewares/ST/STM32_USB_Device_Library/Core/Src/usbd_core.c ****   return USBD_OK;
 501:Middlewares/ST/STM32_USB_Device_Library/Core/Src/usbd_core.c **** }
 781              		.loc 1 501 0
 782 0014 0020     		movs	r0, #0
 783 0016 08BD     		pop	{r3, pc}
 784              		.cfi_endproc
 785              	.LFE138:
 787              		.section	.text.USBD_LL_IsoINIncomplete,"ax",%progbits
 788              		.align	2
 789              		.global	USBD_LL_IsoINIncomplete
 790              		.thumb
 791              		.thumb_func
 793              	USBD_LL_IsoINIncomplete:
 794              	.LFB139:
 502:Middlewares/ST/STM32_USB_Device_Library/Core/Src/usbd_core.c **** 
 503:Middlewares/ST/STM32_USB_Device_Library/Core/Src/usbd_core.c **** /**
 504:Middlewares/ST/STM32_USB_Device_Library/Core/Src/usbd_core.c **** * @brief  USBD_IsoINIncomplete 
 505:Middlewares/ST/STM32_USB_Device_Library/Core/Src/usbd_core.c **** *         Handle iso in incomplete event
 506:Middlewares/ST/STM32_USB_Device_Library/Core/Src/usbd_core.c **** * @param  pdev: device instance
 507:Middlewares/ST/STM32_USB_Device_Library/Core/Src/usbd_core.c **** * @retval status
 508:Middlewares/ST/STM32_USB_Device_Library/Core/Src/usbd_core.c **** */
 509:Middlewares/ST/STM32_USB_Device_Library/Core/Src/usbd_core.c **** USBD_StatusTypeDef USBD_LL_IsoINIncomplete(USBD_HandleTypeDef  *pdev, uint8_t epnum)
 510:Middlewares/ST/STM32_USB_Device_Library/Core/Src/usbd_core.c **** {
 795              		.loc 1 510 0
 796              		.cfi_startproc
 797              		@ args = 0, pretend = 0, frame = 0
 798              		@ frame_needed = 0, uses_anonymous_args = 0
 799              		@ link register save eliminated.
 800              	.LVL78:
 511:Middlewares/ST/STM32_USB_Device_Library/Core/Src/usbd_core.c ****   return USBD_OK;
 512:Middlewares/ST/STM32_USB_Device_Library/Core/Src/usbd_core.c **** }
 801              		.loc 1 512 0
 802 0000 0020     		movs	r0, #0
 803              	.LVL79:
 804 0002 7047     		bx	lr
 805              		.cfi_endproc
 806              	.LFE139:
 808              		.section	.text.USBD_LL_IsoOUTIncomplete,"ax",%progbits
 809              		.align	2
 810              		.global	USBD_LL_IsoOUTIncomplete
 811              		.thumb
 812              		.thumb_func
 814              	USBD_LL_IsoOUTIncomplete:
 815              	.LFB140:
 513:Middlewares/ST/STM32_USB_Device_Library/Core/Src/usbd_core.c **** 
 514:Middlewares/ST/STM32_USB_Device_Library/Core/Src/usbd_core.c **** /**
 515:Middlewares/ST/STM32_USB_Device_Library/Core/Src/usbd_core.c **** * @brief  USBD_IsoOUTIncomplete 
 516:Middlewares/ST/STM32_USB_Device_Library/Core/Src/usbd_core.c **** *         Handle iso out incomplete event
 517:Middlewares/ST/STM32_USB_Device_Library/Core/Src/usbd_core.c **** * @param  pdev: device instance
 518:Middlewares/ST/STM32_USB_Device_Library/Core/Src/usbd_core.c **** * @retval status
 519:Middlewares/ST/STM32_USB_Device_Library/Core/Src/usbd_core.c **** */
 520:Middlewares/ST/STM32_USB_Device_Library/Core/Src/usbd_core.c **** USBD_StatusTypeDef USBD_LL_IsoOUTIncomplete(USBD_HandleTypeDef  *pdev, uint8_t epnum)
 521:Middlewares/ST/STM32_USB_Device_Library/Core/Src/usbd_core.c **** {
 816              		.loc 1 521 0
ARM GAS  /tmp/cca2elgR.s 			page 24


 817              		.cfi_startproc
 818              		@ args = 0, pretend = 0, frame = 0
 819              		@ frame_needed = 0, uses_anonymous_args = 0
 820              		@ link register save eliminated.
 821              	.LVL80:
 522:Middlewares/ST/STM32_USB_Device_Library/Core/Src/usbd_core.c ****   return USBD_OK;
 523:Middlewares/ST/STM32_USB_Device_Library/Core/Src/usbd_core.c **** }
 822              		.loc 1 523 0
 823 0000 0020     		movs	r0, #0
 824              	.LVL81:
 825 0002 7047     		bx	lr
 826              		.cfi_endproc
 827              	.LFE140:
 829              		.section	.text.USBD_LL_DevConnected,"ax",%progbits
 830              		.align	2
 831              		.global	USBD_LL_DevConnected
 832              		.thumb
 833              		.thumb_func
 835              	USBD_LL_DevConnected:
 836              	.LFB141:
 524:Middlewares/ST/STM32_USB_Device_Library/Core/Src/usbd_core.c **** 
 525:Middlewares/ST/STM32_USB_Device_Library/Core/Src/usbd_core.c **** /**
 526:Middlewares/ST/STM32_USB_Device_Library/Core/Src/usbd_core.c **** * @brief  USBD_DevConnected 
 527:Middlewares/ST/STM32_USB_Device_Library/Core/Src/usbd_core.c **** *         Handle device connection event
 528:Middlewares/ST/STM32_USB_Device_Library/Core/Src/usbd_core.c **** * @param  pdev: device instance
 529:Middlewares/ST/STM32_USB_Device_Library/Core/Src/usbd_core.c **** * @retval status
 530:Middlewares/ST/STM32_USB_Device_Library/Core/Src/usbd_core.c **** */
 531:Middlewares/ST/STM32_USB_Device_Library/Core/Src/usbd_core.c **** USBD_StatusTypeDef USBD_LL_DevConnected(USBD_HandleTypeDef  *pdev)
 532:Middlewares/ST/STM32_USB_Device_Library/Core/Src/usbd_core.c **** {
 837              		.loc 1 532 0
 838              		.cfi_startproc
 839              		@ args = 0, pretend = 0, frame = 0
 840              		@ frame_needed = 0, uses_anonymous_args = 0
 841              		@ link register save eliminated.
 842              	.LVL82:
 533:Middlewares/ST/STM32_USB_Device_Library/Core/Src/usbd_core.c ****   return USBD_OK;
 534:Middlewares/ST/STM32_USB_Device_Library/Core/Src/usbd_core.c **** }
 843              		.loc 1 534 0
 844 0000 0020     		movs	r0, #0
 845              	.LVL83:
 846 0002 7047     		bx	lr
 847              		.cfi_endproc
 848              	.LFE141:
 850              		.section	.text.USBD_LL_DevDisconnected,"ax",%progbits
 851              		.align	2
 852              		.global	USBD_LL_DevDisconnected
 853              		.thumb
 854              		.thumb_func
 856              	USBD_LL_DevDisconnected:
 857              	.LFB142:
 535:Middlewares/ST/STM32_USB_Device_Library/Core/Src/usbd_core.c **** 
 536:Middlewares/ST/STM32_USB_Device_Library/Core/Src/usbd_core.c **** /**
 537:Middlewares/ST/STM32_USB_Device_Library/Core/Src/usbd_core.c **** * @brief  USBD_DevDisconnected 
 538:Middlewares/ST/STM32_USB_Device_Library/Core/Src/usbd_core.c **** *         Handle device disconnection event
 539:Middlewares/ST/STM32_USB_Device_Library/Core/Src/usbd_core.c **** * @param  pdev: device instance
 540:Middlewares/ST/STM32_USB_Device_Library/Core/Src/usbd_core.c **** * @retval status
 541:Middlewares/ST/STM32_USB_Device_Library/Core/Src/usbd_core.c **** */
ARM GAS  /tmp/cca2elgR.s 			page 25


 542:Middlewares/ST/STM32_USB_Device_Library/Core/Src/usbd_core.c **** USBD_StatusTypeDef USBD_LL_DevDisconnected(USBD_HandleTypeDef  *pdev)
 543:Middlewares/ST/STM32_USB_Device_Library/Core/Src/usbd_core.c **** {
 858              		.loc 1 543 0
 859              		.cfi_startproc
 860              		@ args = 0, pretend = 0, frame = 0
 861              		@ frame_needed = 0, uses_anonymous_args = 0
 862              	.LVL84:
 863 0000 08B5     		push	{r3, lr}
 864              	.LCFI12:
 865              		.cfi_def_cfa_offset 8
 866              		.cfi_offset 3, -8
 867              		.cfi_offset 14, -4
 544:Middlewares/ST/STM32_USB_Device_Library/Core/Src/usbd_core.c ****   /* Free Class Resources */
 545:Middlewares/ST/STM32_USB_Device_Library/Core/Src/usbd_core.c ****   pdev->dev_state = USBD_STATE_DEFAULT;
 868              		.loc 1 545 0
 869 0002 0122     		movs	r2, #1
 870 0004 80F8FC21 		strb	r2, [r0, #508]
 546:Middlewares/ST/STM32_USB_Device_Library/Core/Src/usbd_core.c ****   pdev->pClass->DeInit(pdev, pdev->dev_config);  
 871              		.loc 1 546 0
 872 0008 D0F81422 		ldr	r2, [r0, #532]
 873 000c 5268     		ldr	r2, [r2, #4]
 874 000e 0179     		ldrb	r1, [r0, #4]	@ zero_extendqisi2
 875 0010 9047     		blx	r2
 876              	.LVL85:
 547:Middlewares/ST/STM32_USB_Device_Library/Core/Src/usbd_core.c ****    
 548:Middlewares/ST/STM32_USB_Device_Library/Core/Src/usbd_core.c ****   return USBD_OK;
 549:Middlewares/ST/STM32_USB_Device_Library/Core/Src/usbd_core.c **** }
 877              		.loc 1 549 0
 878 0012 0020     		movs	r0, #0
 879 0014 08BD     		pop	{r3, pc}
 880              		.cfi_endproc
 881              	.LFE142:
 883 0016 00BF     		.text
 884              	.Letext0:
 885              		.file 2 "/usr/include/newlib/machine/_default_types.h"
 886              		.file 3 "/usr/include/newlib/sys/_stdint.h"
 887              		.file 4 "Middlewares/ST/STM32_USB_Device_Library/Core/Inc/usbd_def.h"
 888              		.file 5 "Middlewares/ST/STM32_USB_Device_Library/Core/Inc/usbd_core.h"
 889              		.file 6 "Middlewares/ST/STM32_USB_Device_Library/Core/Inc/usbd_ctlreq.h"
 890              		.file 7 "Middlewares/ST/STM32_USB_Device_Library/Core/Inc/usbd_ioreq.h"
 891              		.file 8 "Drivers/CMSIS/Include/core_cm4.h"
ARM GAS  /tmp/cca2elgR.s 			page 26


DEFINED SYMBOLS
                            *ABS*:00000000 usbd_core.c
     /tmp/cca2elgR.s:21     .text.USBD_Init:00000000 $t
     /tmp/cca2elgR.s:26     .text.USBD_Init:00000000 USBD_Init
     /tmp/cca2elgR.s:83     .text.USBD_DeInit:00000000 $t
     /tmp/cca2elgR.s:88     .text.USBD_DeInit:00000000 USBD_DeInit
     /tmp/cca2elgR.s:125    .text.USBD_RegisterClass:00000000 $t
     /tmp/cca2elgR.s:130    .text.USBD_RegisterClass:00000000 USBD_RegisterClass
     /tmp/cca2elgR.s:157    .text.USBD_Start:00000000 $t
     /tmp/cca2elgR.s:162    .text.USBD_Start:00000000 USBD_Start
     /tmp/cca2elgR.s:184    .text.USBD_Stop:00000000 $t
     /tmp/cca2elgR.s:189    .text.USBD_Stop:00000000 USBD_Stop
     /tmp/cca2elgR.s:219    .text.USBD_RunTestMode:00000000 $t
     /tmp/cca2elgR.s:224    .text.USBD_RunTestMode:00000000 USBD_RunTestMode
     /tmp/cca2elgR.s:240    .text.USBD_SetClassConfig:00000000 $t
     /tmp/cca2elgR.s:245    .text.USBD_SetClassConfig:00000000 USBD_SetClassConfig
     /tmp/cca2elgR.s:285    .text.USBD_ClrClassConfig:00000000 $t
     /tmp/cca2elgR.s:290    .text.USBD_ClrClassConfig:00000000 USBD_ClrClassConfig
     /tmp/cca2elgR.s:314    .text.USBD_LL_SetupStage:00000000 $t
     /tmp/cca2elgR.s:319    .text.USBD_LL_SetupStage:00000000 USBD_LL_SetupStage
     /tmp/cca2elgR.s:393    .text.USBD_LL_DataOutStage:00000000 $t
     /tmp/cca2elgR.s:398    .text.USBD_LL_DataOutStage:00000000 USBD_LL_DataOutStage
     /tmp/cca2elgR.s:484    .text.USBD_LL_DataInStage:00000000 $t
     /tmp/cca2elgR.s:489    .text.USBD_LL_DataInStage:00000000 USBD_LL_DataInStage
     /tmp/cca2elgR.s:619    .text.USBD_LL_Reset:00000000 $t
     /tmp/cca2elgR.s:624    .text.USBD_LL_Reset:00000000 USBD_LL_Reset
     /tmp/cca2elgR.s:678    .text.USBD_LL_SetSpeed:00000000 $t
     /tmp/cca2elgR.s:683    .text.USBD_LL_SetSpeed:00000000 USBD_LL_SetSpeed
     /tmp/cca2elgR.s:701    .text.USBD_LL_Suspend:00000000 $t
     /tmp/cca2elgR.s:706    .text.USBD_LL_Suspend:00000000 USBD_LL_Suspend
     /tmp/cca2elgR.s:728    .text.USBD_LL_Resume:00000000 $t
     /tmp/cca2elgR.s:733    .text.USBD_LL_Resume:00000000 USBD_LL_Resume
     /tmp/cca2elgR.s:752    .text.USBD_LL_SOF:00000000 $t
     /tmp/cca2elgR.s:757    .text.USBD_LL_SOF:00000000 USBD_LL_SOF
     /tmp/cca2elgR.s:788    .text.USBD_LL_IsoINIncomplete:00000000 $t
     /tmp/cca2elgR.s:793    .text.USBD_LL_IsoINIncomplete:00000000 USBD_LL_IsoINIncomplete
     /tmp/cca2elgR.s:809    .text.USBD_LL_IsoOUTIncomplete:00000000 $t
     /tmp/cca2elgR.s:814    .text.USBD_LL_IsoOUTIncomplete:00000000 USBD_LL_IsoOUTIncomplete
     /tmp/cca2elgR.s:830    .text.USBD_LL_DevConnected:00000000 $t
     /tmp/cca2elgR.s:835    .text.USBD_LL_DevConnected:00000000 USBD_LL_DevConnected
     /tmp/cca2elgR.s:851    .text.USBD_LL_DevDisconnected:00000000 $t
     /tmp/cca2elgR.s:856    .text.USBD_LL_DevDisconnected:00000000 USBD_LL_DevDisconnected
                     .debug_frame:00000010 $d

UNDEFINED SYMBOLS
USBD_LL_Init
USBD_LL_Stop
USBD_LL_DeInit
USBD_LL_Start
USBD_ParseSetupRequest
USBD_StdDevReq
USBD_StdItfReq
USBD_StdEPReq
USBD_LL_StallEP
USBD_CtlContinueRx
USBD_CtlSendStatus
USBD_CtlContinueSendData
ARM GAS  /tmp/cca2elgR.s 			page 27


USBD_LL_PrepareReceive
USBD_CtlReceiveStatus
USBD_LL_OpenEP
